<?xml version="1.0" encoding="UTF-8"?>
<robot generator="Robot 6.1 (Python 3.11.4 on win32)" generated="20230626 11:09:00.986" rpa="false" schemaversion="4">
<suite id="s1" name="Api-Request-Test" source="C:\Users\ITAMOJT-009\Desktop\API\testsuites\api-request-test.robot">
<test id="s1-t1" name="Scenario: Get API request" line="7">
<kw name="I should be able to get the ID and Title" library="api-testing-keywords">
<kw name="Creating A Session" library="global-keywords">
<arg>${api_session_url}</arg>
<kw name="Create Session" library="RequestsLibrary">
<arg>jsonplaceholder</arg>
<arg>${locator}</arg>
<doc>Create Session: create a HTTP session to a server</doc>
<msg timestamp="20230626 11:09:01.262" level="INFO">Creating Session using : alias=jsonplaceholder, url=https://jsonplaceholder.typicode.com, headers={},                     cookies={}, auth=None, timeout=None, proxies=None, verify=False,                     debug=0 </msg>
<status status="PASS" starttime="20230626 11:09:01.262" endtime="20230626 11:09:01.262"/>
</kw>
<status status="PASS" starttime="20230626 11:09:01.261" endtime="20230626 11:09:01.263"/>
</kw>
<kw name="GET On Session" library="RequestsLibrary">
<var>${response}</var>
<arg>jsonplaceholder</arg>
<arg>/todos/</arg>
<doc>Sends a GET request on a previously created HTTP Session.</doc>
<msg timestamp="20230626 11:09:01.304" level="INFO">GET Request : url=https://jsonplaceholder.typicode.com/todos/ 
 path_url=/todos/ 
 headers={'User-Agent': 'python-requests/2.31.0', 'Accept-Encoding': 'gzip, deflate', 'Accept': '*/*', 'Connection': 'keep-alive'} 
 body=None 
 </msg>
<msg timestamp="20230626 11:09:01.304" level="INFO">GET Response : url=https://jsonplaceholder.typicode.com/todos/ 
 status=200, reason=OK 
 headers={'Date': 'Mon, 26 Jun 2023 03:09:01 GMT', 'Content-Type': 'application/json; charset=utf-8', 'Transfer-Encoding': 'chunked', 'Connection': 'keep-alive', 'X-Powered-By': 'Express', 'X-Ratelimit-Limit': '1000', 'X-Ratelimit-Remaining': '999', 'X-Ratelimit-Reset': '1687748675', 'Vary': 'Origin, Accept-Encoding', 'Access-Control-Allow-Credentials': 'true', 'Cache-Control': 'max-age=43200', 'Pragma': 'no-cache', 'Expires': '-1', 'X-Content-Type-Options': 'nosniff', 'Etag': 'W/"5ef7-4Ad6/n39KWY9q6Ykm/ULNQ2F5IM"', 'Content-Encoding': 'gzip', 'Via': '1.1 vegur', 'CF-Cache-Status': 'HIT', 'Age': '275', 'Report-To': '{"endpoints":[{"url":"https:\\/\\/a.nel.cloudflare.com\\/report\\/v3?s=%2BzXsiRNQbQk81j6vmEn4WlT7lgOC5J80MOvd0M56ld3cUQoIJ1r3q0nbitrneVa6j2d4xqQvLGTYUDePWGBsRZRr0Mfud0l%2BpHhY%2BNcYaZgqWFLawhZuH3SAxTpaZZ8bhWgOu7UzJPD8YKDbyX3y"}],"group":"cf-nel","max_age":604800}', 'NEL': '{"success_fraction":0,"report_to":"cf-nel","max_age":604800}', 'Server': 'cloudflare', 'CF-RAY': '7dd23fc2e9d8bc45-MNL', 'alt-svc': 'h3=":443"; ma=86400'} 
 body=[
  {
    "userId": 1,
    "id": 1,
    "title": "delectus aut autem",
    "completed": false
  },
  {
    "userId": 1,
    "id": 2,
    "title": "quis ut nam facilis et officia qui",
    "completed": false
  },
  {
    "userId": 1,
    "id": 3,
    "title": "fugiat veniam minus",
    "completed": false
  },
  {
    "userId": 1,
    "id": 4,
    "title": "et porro tempora",
    "completed": true
  },
  {
    "userId": 1,
    "id": 5,
    "title": "laboriosam mollitia et enim quasi adipisci quia provident illum",
    "completed": false
  },
  {
    "userId": 1,
    "id": 6,
    "title": "qui ullam ratione quibusdam voluptatem quia omnis",
    "completed": false
  },
  {
    "userId": 1,
    "id": 7,
    "title": "illo expedita consequatur quia in",
    "completed": false
  },
  {
    "userId": 1,
    "id": 8,
    "title": "quo adipisci enim quam ut ab",
    "completed": true
  },
  {
    "userId": 1,
    "id": 9,
    "title": "molestiae perspiciatis ipsa",
    "completed": false
  },
  {
    "userId": 1,
    "id": 10,
    "title": "illo est ratione doloremque quia maiores aut",
    "completed": true
  },
  {
    "userId": 1,
    "id": 11,
    "title": "vero rerum temporibus dolor",
    "completed": true
  },
  {
    "userId": 1,
    "id": 12,
    "title": "ipsa repellendus fugit nisi",
    "completed": true
  },
  {
    "userId": 1,
    "id": 13,
    "title": "et doloremque nulla",
    "completed": false
  },
  {
    "userId": 1,
    "id": 14,
    "title": "repellendus sunt dolores architecto voluptatum",
    "completed": true
  },
  {
    "userId": 1,
    "id": 15,
    "title": "ab voluptatum amet voluptas",
    "completed": true
  },
  {
    "userId": 1,
    "id": 16,
    "title": "accusamus eos facilis sint et aut voluptatem",
    "completed": true
  },
  {
    "userId": 1,
    "id": 17,
    "title": "quo laboriosam deleniti aut qui",
    "completed": true
  },
  {
    "userId": 1,
    "id": 18,
    "title": "dolorum est consequatur ea mollitia in culpa",
    "completed": false
  },
  {
    "userId": 1,
    "id": 19,
    "title": "molestiae ipsa aut voluptatibus pariatur dolor nihil",
    "completed": true
  },
  {
    "userId": 1,
    "id": 20,
    "title": "ullam nobis libero sapiente ad optio sint",
    "completed": true
  },
  {
    "userId": 2,
    "id": 21,
    "title": "suscipit repellat esse quibusdam voluptatem incidunt",
    "completed": false
  },
  {
    "userId": 2,
    "id": 22,
    "title": "distinctio vitae autem nihil ut molestias quo",
    "completed": true
  },
  {
    "userId": 2,
    "id": 23,
    "title": "et itaque necessitatibus maxime molestiae qui quas velit",
    "completed": false
  },
  {
    "userId": 2,
    "id": 24,
    "title": "adipisci non ad dicta qui amet quaerat doloribus ea",
    "completed": false
  },
  {
    "userId": 2,
    "id": 25,
    "title": "voluptas quo tenetur perspiciatis explicabo natus",
    "completed": true
  },
  {
    "userId": 2,
    "id": 26,
    "title": "aliquam aut quasi",
    "completed": true
  },
  {
    "userId": 2,
    "id": 27,
    "title": "veritatis pariatur delectus",
    "completed": true
  },
  {
    "userId": 2,
    "id": 28,
    "title": "nesciunt totam sit blanditiis sit",
    "completed": false
  },
  {
    "userId": 2,
    "id": 29,
    "title": "laborum aut in quam",
    "completed": false
  },
  {
    "userId": 2,
    "id": 30,
    "title": "nemo perspiciatis repellat ut dolor libero commodi blanditiis omnis",
    "completed": true
  },
  {
    "userId": 2,
    "id": 31,
    "title": "repudiandae totam in est sint facere fuga",
    "completed": false
  },
  {
    "userId": 2,
    "id": 32,
    "title": "earum doloribus ea doloremque quis",
    "completed": false
  },
  {
    "userId": 2,
    "id": 33,
    "title": "sint sit aut vero",
    "completed": false
  },
  {
    "userId": 2,
    "id": 34,
    "title": "porro aut necessitatibus eaque distinctio",
    "completed": false
  },
  {
    "userId": 2,
    "id": 35,
    "title": "repellendus veritatis molestias dicta incidunt",
    "completed": true
  },
  {
    "userId": 2,
    "id": 36,
    "title": "excepturi deleniti adipisci voluptatem et neque optio illum ad",
    "completed": true
  },
  {
    "userId": 2,
    "id": 37,
    "title": "sunt cum tempora",
    "completed": false
  },
  {
    "userId": 2,
    "id": 38,
    "title": "totam quia non",
    "completed": false
  },
  {
    "userId": 2,
    "id": 39,
    "title": "doloremque quibusdam asperiores libero corrupti illum qui omnis",
    "completed": false
  },
  {
    "userId": 2,
    "id": 40,
    "title": "totam atque quo nesciunt",
    "completed": true
  },
  {
    "userId": 3,
    "id": 41,
    "title": "aliquid amet impedit consequatur aspernatur placeat eaque fugiat suscipit",
    "completed": false
  },
  {
    "userId": 3,
    "id": 42,
    "title": "rerum perferendis error quia ut eveniet",
    "completed": false
  },
  {
    "userId": 3,
    "id": 43,
    "title": "tempore ut sint quis recusandae",
    "completed": true
  },
  {
    "userId": 3,
    "id": 44,
    "title": "cum debitis quis accusamus doloremque ipsa natus sapiente omnis",
    "completed": true
  },
  {
    "userId": 3,
    "id": 45,
    "title": "velit soluta adipisci molestias reiciendis harum",
    "completed": false
  },
  {
    "userId": 3,
    "id": 46,
    "title": "vel voluptatem repellat nihil placeat corporis",
    "completed": false
  },
  {
    "userId": 3,
    "id": 47,
    "title": "nam qui rerum fugiat accusamus",
    "completed": false
  },
  {
    "userId": 3,
    "id": 48,
    "title": "sit reprehenderit omnis quia",
    "completed": false
  },
  {
    "userId": 3,
    "id": 49,
    "title": "ut necessitatibus aut maiores debitis officia blanditiis velit et",
    "completed": false
  },
  {
    "userId": 3,
    "id": 50,
    "title": "cupiditate necessitatibus ullam aut quis dolor voluptate",
    "completed": true
  },
  {
    "userId": 3,
    "id": 51,
    "title": "distinctio exercitationem ab doloribus",
    "completed": false
  },
  {
    "userId": 3,
    "id": 52,
    "title": "nesciunt dolorum quis recusandae ad pariatur ratione",
    "completed": false
  },
  {
    "userId": 3,
    "id": 53,
    "title": "qui labore est occaecati recusandae aliquid quam",
    "completed": false
  },
  {
    "userId": 3,
    "id": 54,
    "title": "quis et est ut voluptate quam dolor",
    "completed": true
  },
  {
    "userId": 3,
    "id": 55,
    "title": "voluptatum omnis minima qui occaecati provident nulla voluptatem ratione",
    "completed": true
  },
  {
    "userId": 3,
    "id": 56,
    "title": "deleniti ea temporibus enim",
    "completed": true
  },
  {
    "userId": 3,
    "id": 57,
    "title": "pariatur et magnam ea doloribus similique voluptatem rerum quia",
    "completed": false
  },
  {
    "userId": 3,
    "id": 58,
    "title": "est dicta totam qui explicabo doloribus qui dignissimos",
    "completed": false
  },
  {
    "userId": 3,
    "id": 59,
    "title": "perspiciatis velit id laborum placeat iusto et aliquam odio",
    "completed": false
  },
  {
    "userId": 3,
    "id": 60,
    "title": "et sequi qui architecto ut adipisci",
    "completed": true
  },
  {
    "userId": 4,
    "id": 61,
    "title": "odit optio omnis qui sunt",
    "completed": true
  },
  {
    "userId": 4,
    "id": 62,
    "title": "et placeat et tempore aspernatur sint numquam",
    "completed": false
  },
  {
    "userId": 4,
    "id": 63,
    "title": "doloremque aut dolores quidem fuga qui nulla",
    "completed": true
  },
  {
    "userId": 4,
    "id": 64,
    "title": "voluptas consequatur qui ut quia magnam nemo esse",
    "completed": false
  },
  {
    "userId": 4,
    "id": 65,
    "title": "fugiat pariatur ratione ut asperiores necessitatibus magni",
    "completed": false
  },
  {
    "userId": 4,
    "id": 66,
    "title": "rerum eum molestias autem voluptatum sit optio",
    "completed": false
  },
  {
    "userId": 4,
    "id": 67,
    "title": "quia voluptatibus voluptatem quos similique maiores repellat",
    "completed": false
  },
  {
    "userId": 4,
    "id": 68,
    "title": "aut id perspiciatis voluptatem iusto",
    "completed": false
  },
  {
    "userId": 4,
    "id": 69,
    "title": "doloribus sint dolorum ab adipisci itaque dignissimos aliquam suscipit",
    "completed": false
  },
  {
    "userId": 4,
    "id": 70,
    "title": "ut sequi accusantium et mollitia delectus sunt",
    "completed": false
  },
  {
    "userId": 4,
    "id": 71,
    "title": "aut velit saepe ullam",
    "completed": false
  },
  {
    "userId": 4,
    "id": 72,
    "title": "praesentium facilis facere quis harum voluptatibus voluptatem eum",
    "completed": false
  },
  {
    "userId": 4,
    "id": 73,
    "title": "sint amet quia totam corporis qui exercitationem commodi",
    "completed": true
  },
  {
    "userId": 4,
    "id": 74,
    "title": "expedita tempore nobis eveniet laborum maiores",
    "completed": false
  },
  {
    "userId": 4,
    "id": 75,
    "title": "occaecati adipisci est possimus totam",
    "completed": false
  },
  {
    "userId": 4,
    "id": 76,
    "title": "sequi dolorem sed",
    "completed": true
  },
  {
    "userId": 4,
    "id": 77,
    "title": "maiores aut nesciunt delectus exercitationem vel assumenda eligendi at",
    "completed": false
  },
  {
    "userId": 4,
    "id": 78,
    "title": "reiciendis est magnam amet nemo iste recusandae impedit quaerat",
    "completed": false
  },
  {
    "userId": 4,
    "id": 79,
    "title": "eum ipsa maxime ut",
    "completed": true
  },
  {
    "userId": 4,
    "id": 80,
    "title": "tempore molestias dolores rerum sequi voluptates ipsum consequatur",
    "completed": true
  },
  {
    "userId": 5,
    "id": 81,
    "title": "suscipit qui totam",
    "completed": true
  },
  {
    "userId": 5,
    "id": 82,
    "title": "voluptates eum voluptas et dicta",
    "completed": false
  },
  {
    "userId": 5,
    "id": 83,
    "title": "quidem at rerum q... (set the log level to DEBUG or TRACE to see the full content) 
 </msg>
<msg timestamp="20230626 11:09:01.304" level="INFO">C:\Users\ITAMOJT-009\AppData\Local\Programs\Python\Python311\Lib\site-packages\urllib3\connectionpool.py:1056: InsecureRequestWarning: Unverified HTTPS request is being made to host 'jsonplaceholder.typicode.com'. Adding certificate verification is strongly advised. See: https://urllib3.readthedocs.io/en/1.26.x/advanced-usage.html#ssl-warnings
  warnings.warn(</msg>
<msg timestamp="20230626 11:09:01.305" level="INFO">${response} = &lt;Response [200]&gt;</msg>
<status status="PASS" starttime="20230626 11:09:01.263" endtime="20230626 11:09:01.305"/>
</kw>
<kw name="Should Be Equal As Strings" library="BuiltIn">
<arg>${response.status_code}</arg>
<arg>200</arg>
<doc>Fails if objects are unequal after converting them to strings.</doc>
<msg timestamp="20230626 11:09:01.306" level="INFO">Argument types are:
&lt;class 'int'&gt;
&lt;class 'str'&gt;</msg>
<status status="PASS" starttime="20230626 11:09:01.305" endtime="20230626 11:09:01.306"/>
</kw>
<kw name="Set Variable" library="BuiltIn">
<var>${post}</var>
<arg>${response.json()}</arg>
<doc>Returns the given values which can then be assigned to a variables.</doc>
<msg timestamp="20230626 11:09:01.306" level="INFO">${post} = [{'userId': 1, 'id': 1, 'title': 'delectus aut autem', 'completed': False}, {'userId': 1, 'id': 2, 'title': 'quis ut nam facilis et officia qui', 'completed': False}, {'userId': 1, 'id': 3, 'title': '...</msg>
<status status="PASS" starttime="20230626 11:09:01.306" endtime="20230626 11:09:01.307"/>
</kw>
<kw name="Log To Console" library="BuiltIn">
<arg>${post}</arg>
<doc>Logs the given message to the console.</doc>
<status status="PASS" starttime="20230626 11:09:01.307" endtime="20230626 11:09:01.321"/>
</kw>
<kw name="Run Keyword If" library="BuiltIn">
<arg>not ${post}</arg>
<arg>Fail</arg>
<arg>No post found!</arg>
<doc>Runs the given keyword with the given arguments, if ``condition`` is true.</doc>
<status status="PASS" starttime="20230626 11:09:01.321" endtime="20230626 11:09:01.326"/>
</kw>
<for flavor="IN">
<var>${item}</var>
<value>@{post}</value>
<iter>
<var name="${item}">{'userId': 1, 'id': 1, 'title': 'delectus aut autem', 'completed': False}</var>
<kw name="Log To Console" library="BuiltIn">
<arg>${item}[id]</arg>
<doc>Logs the given message to the console.</doc>
<status status="PASS" starttime="20230626 11:09:01.327" endtime="20230626 11:09:01.327"/>
</kw>
<kw name="Log To Console" library="BuiltIn">
<arg>${item}[title]</arg>
<doc>Logs the given message to the console.</doc>
<status status="PASS" starttime="20230626 11:09:01.328" endtime="20230626 11:09:01.328"/>
</kw>
<status status="PASS" starttime="20230626 11:09:01.327" endtime="20230626 11:09:01.328"/>
</iter>
<iter>
<var name="${item}">{'userId': 1, 'id': 2, 'title': 'quis ut nam facilis et officia qui', 'completed': False}</var>
<kw name="Log To Console" library="BuiltIn">
<arg>${item}[id]</arg>
<doc>Logs the given message to the console.</doc>
<status status="PASS" starttime="20230626 11:09:01.329" endtime="20230626 11:09:01.329"/>
</kw>
<kw name="Log To Console" library="BuiltIn">
<arg>${item}[title]</arg>
<doc>Logs the given message to the console.</doc>
<status status="PASS" starttime="20230626 11:09:01.329" endtime="20230626 11:09:01.330"/>
</kw>
<status status="PASS" starttime="20230626 11:09:01.328" endtime="20230626 11:09:01.330"/>
</iter>
<iter>
<var name="${item}">{'userId': 1, 'id': 3, 'title': 'fugiat veniam minus', 'completed': False}</var>
<kw name="Log To Console" library="BuiltIn">
<arg>${item}[id]</arg>
<doc>Logs the given message to the console.</doc>
<status status="PASS" starttime="20230626 11:09:01.330" endtime="20230626 11:09:01.330"/>
</kw>
<kw name="Log To Console" library="BuiltIn">
<arg>${item}[title]</arg>
<doc>Logs the given message to the console.</doc>
<status status="PASS" starttime="20230626 11:09:01.331" endtime="20230626 11:09:01.331"/>
</kw>
<status status="PASS" starttime="20230626 11:09:01.330" endtime="20230626 11:09:01.331"/>
</iter>
<iter>
<var name="${item}">{'userId': 1, 'id': 4, 'title': 'et porro tempora', 'completed': True}</var>
<kw name="Log To Console" library="BuiltIn">
<arg>${item}[id]</arg>
<doc>Logs the given message to the console.</doc>
<status status="PASS" starttime="20230626 11:09:01.331" endtime="20230626 11:09:01.332"/>
</kw>
<kw name="Log To Console" library="BuiltIn">
<arg>${item}[title]</arg>
<doc>Logs the given message to the console.</doc>
<status status="PASS" starttime="20230626 11:09:01.332" endtime="20230626 11:09:01.332"/>
</kw>
<status status="PASS" starttime="20230626 11:09:01.331" endtime="20230626 11:09:01.333"/>
</iter>
<iter>
<var name="${item}">{'userId': 1, 'id': 5, 'title': 'laboriosam mollitia et enim quasi adipisci quia provident illum', 'completed': False}</var>
<kw name="Log To Console" library="BuiltIn">
<arg>${item}[id]</arg>
<doc>Logs the given message to the console.</doc>
<status status="PASS" starttime="20230626 11:09:01.333" endtime="20230626 11:09:01.333"/>
</kw>
<kw name="Log To Console" library="BuiltIn">
<arg>${item}[title]</arg>
<doc>Logs the given message to the console.</doc>
<status status="PASS" starttime="20230626 11:09:01.333" endtime="20230626 11:09:01.334"/>
</kw>
<status status="PASS" starttime="20230626 11:09:01.333" endtime="20230626 11:09:01.334"/>
</iter>
<iter>
<var name="${item}">{'userId': 1, 'id': 6, 'title': 'qui ullam ratione quibusdam voluptatem quia omnis', 'completed': False}</var>
<kw name="Log To Console" library="BuiltIn">
<arg>${item}[id]</arg>
<doc>Logs the given message to the console.</doc>
<status status="PASS" starttime="20230626 11:09:01.334" endtime="20230626 11:09:01.334"/>
</kw>
<kw name="Log To Console" library="BuiltIn">
<arg>${item}[title]</arg>
<doc>Logs the given message to the console.</doc>
<status status="PASS" starttime="20230626 11:09:01.335" endtime="20230626 11:09:01.335"/>
</kw>
<status status="PASS" starttime="20230626 11:09:01.334" endtime="20230626 11:09:01.335"/>
</iter>
<iter>
<var name="${item}">{'userId': 1, 'id': 7, 'title': 'illo expedita consequatur quia in', 'completed': False}</var>
<kw name="Log To Console" library="BuiltIn">
<arg>${item}[id]</arg>
<doc>Logs the given message to the console.</doc>
<status status="PASS" starttime="20230626 11:09:01.335" endtime="20230626 11:09:01.336"/>
</kw>
<kw name="Log To Console" library="BuiltIn">
<arg>${item}[title]</arg>
<doc>Logs the given message to the console.</doc>
<status status="PASS" starttime="20230626 11:09:01.336" endtime="20230626 11:09:01.337"/>
</kw>
<status status="PASS" starttime="20230626 11:09:01.335" endtime="20230626 11:09:01.337"/>
</iter>
<iter>
<var name="${item}">{'userId': 1, 'id': 8, 'title': 'quo adipisci enim quam ut ab', 'completed': True}</var>
<kw name="Log To Console" library="BuiltIn">
<arg>${item}[id]</arg>
<doc>Logs the given message to the console.</doc>
<status status="PASS" starttime="20230626 11:09:01.337" endtime="20230626 11:09:01.338"/>
</kw>
<kw name="Log To Console" library="BuiltIn">
<arg>${item}[title]</arg>
<doc>Logs the given message to the console.</doc>
<status status="PASS" starttime="20230626 11:09:01.338" endtime="20230626 11:09:01.338"/>
</kw>
<status status="PASS" starttime="20230626 11:09:01.337" endtime="20230626 11:09:01.338"/>
</iter>
<iter>
<var name="${item}">{'userId': 1, 'id': 9, 'title': 'molestiae perspiciatis ipsa', 'completed': False}</var>
<kw name="Log To Console" library="BuiltIn">
<arg>${item}[id]</arg>
<doc>Logs the given message to the console.</doc>
<status status="PASS" starttime="20230626 11:09:01.338" endtime="20230626 11:09:01.339"/>
</kw>
<kw name="Log To Console" library="BuiltIn">
<arg>${item}[title]</arg>
<doc>Logs the given message to the console.</doc>
<status status="PASS" starttime="20230626 11:09:01.339" endtime="20230626 11:09:01.339"/>
</kw>
<status status="PASS" starttime="20230626 11:09:01.338" endtime="20230626 11:09:01.339"/>
</iter>
<iter>
<var name="${item}">{'userId': 1, 'id': 10, 'title': 'illo est ratione doloremque quia maiores aut', 'completed': True}</var>
<kw name="Log To Console" library="BuiltIn">
<arg>${item}[id]</arg>
<doc>Logs the given message to the console.</doc>
<status status="PASS" starttime="20230626 11:09:01.340" endtime="20230626 11:09:01.340"/>
</kw>
<kw name="Log To Console" library="BuiltIn">
<arg>${item}[title]</arg>
<doc>Logs the given message to the console.</doc>
<status status="PASS" starttime="20230626 11:09:01.340" endtime="20230626 11:09:01.341"/>
</kw>
<status status="PASS" starttime="20230626 11:09:01.340" endtime="20230626 11:09:01.341"/>
</iter>
<iter>
<var name="${item}">{'userId': 1, 'id': 11, 'title': 'vero rerum temporibus dolor', 'completed': True}</var>
<kw name="Log To Console" library="BuiltIn">
<arg>${item}[id]</arg>
<doc>Logs the given message to the console.</doc>
<status status="PASS" starttime="20230626 11:09:01.341" endtime="20230626 11:09:01.342"/>
</kw>
<kw name="Log To Console" library="BuiltIn">
<arg>${item}[title]</arg>
<doc>Logs the given message to the console.</doc>
<status status="PASS" starttime="20230626 11:09:01.342" endtime="20230626 11:09:01.342"/>
</kw>
<status status="PASS" starttime="20230626 11:09:01.341" endtime="20230626 11:09:01.342"/>
</iter>
<iter>
<var name="${item}">{'userId': 1, 'id': 12, 'title': 'ipsa repellendus fugit nisi', 'completed': True}</var>
<kw name="Log To Console" library="BuiltIn">
<arg>${item}[id]</arg>
<doc>Logs the given message to the console.</doc>
<status status="PASS" starttime="20230626 11:09:01.342" endtime="20230626 11:09:01.343"/>
</kw>
<kw name="Log To Console" library="BuiltIn">
<arg>${item}[title]</arg>
<doc>Logs the given message to the console.</doc>
<status status="PASS" starttime="20230626 11:09:01.343" endtime="20230626 11:09:01.343"/>
</kw>
<status status="PASS" starttime="20230626 11:09:01.342" endtime="20230626 11:09:01.344"/>
</iter>
<iter>
<var name="${item}">{'userId': 1, 'id': 13, 'title': 'et doloremque nulla', 'completed': False}</var>
<kw name="Log To Console" library="BuiltIn">
<arg>${item}[id]</arg>
<doc>Logs the given message to the console.</doc>
<status status="PASS" starttime="20230626 11:09:01.344" endtime="20230626 11:09:01.344"/>
</kw>
<kw name="Log To Console" library="BuiltIn">
<arg>${item}[title]</arg>
<doc>Logs the given message to the console.</doc>
<status status="PASS" starttime="20230626 11:09:01.344" endtime="20230626 11:09:01.345"/>
</kw>
<status status="PASS" starttime="20230626 11:09:01.344" endtime="20230626 11:09:01.345"/>
</iter>
<iter>
<var name="${item}">{'userId': 1, 'id': 14, 'title': 'repellendus sunt dolores architecto voluptatum', 'completed': True}</var>
<kw name="Log To Console" library="BuiltIn">
<arg>${item}[id]</arg>
<doc>Logs the given message to the console.</doc>
<status status="PASS" starttime="20230626 11:09:01.345" endtime="20230626 11:09:01.346"/>
</kw>
<kw name="Log To Console" library="BuiltIn">
<arg>${item}[title]</arg>
<doc>Logs the given message to the console.</doc>
<status status="PASS" starttime="20230626 11:09:01.346" endtime="20230626 11:09:01.346"/>
</kw>
<status status="PASS" starttime="20230626 11:09:01.345" endtime="20230626 11:09:01.346"/>
</iter>
<iter>
<var name="${item}">{'userId': 1, 'id': 15, 'title': 'ab voluptatum amet voluptas', 'completed': True}</var>
<kw name="Log To Console" library="BuiltIn">
<arg>${item}[id]</arg>
<doc>Logs the given message to the console.</doc>
<status status="PASS" starttime="20230626 11:09:01.346" endtime="20230626 11:09:01.347"/>
</kw>
<kw name="Log To Console" library="BuiltIn">
<arg>${item}[title]</arg>
<doc>Logs the given message to the console.</doc>
<status status="PASS" starttime="20230626 11:09:01.347" endtime="20230626 11:09:01.347"/>
</kw>
<status status="PASS" starttime="20230626 11:09:01.346" endtime="20230626 11:09:01.348"/>
</iter>
<iter>
<var name="${item}">{'userId': 1, 'id': 16, 'title': 'accusamus eos facilis sint et aut voluptatem', 'completed': True}</var>
<kw name="Log To Console" library="BuiltIn">
<arg>${item}[id]</arg>
<doc>Logs the given message to the console.</doc>
<status status="PASS" starttime="20230626 11:09:01.348" endtime="20230626 11:09:01.348"/>
</kw>
<kw name="Log To Console" library="BuiltIn">
<arg>${item}[title]</arg>
<doc>Logs the given message to the console.</doc>
<status status="PASS" starttime="20230626 11:09:01.348" endtime="20230626 11:09:01.349"/>
</kw>
<status status="PASS" starttime="20230626 11:09:01.348" endtime="20230626 11:09:01.349"/>
</iter>
<iter>
<var name="${item}">{'userId': 1, 'id': 17, 'title': 'quo laboriosam deleniti aut qui', 'completed': True}</var>
<kw name="Log To Console" library="BuiltIn">
<arg>${item}[id]</arg>
<doc>Logs the given message to the console.</doc>
<status status="PASS" starttime="20230626 11:09:01.349" endtime="20230626 11:09:01.350"/>
</kw>
<kw name="Log To Console" library="BuiltIn">
<arg>${item}[title]</arg>
<doc>Logs the given message to the console.</doc>
<status status="PASS" starttime="20230626 11:09:01.350" endtime="20230626 11:09:01.350"/>
</kw>
<status status="PASS" starttime="20230626 11:09:01.349" endtime="20230626 11:09:01.350"/>
</iter>
<iter>
<var name="${item}">{'userId': 1, 'id': 18, 'title': 'dolorum est consequatur ea mollitia in culpa', 'completed': False}</var>
<kw name="Log To Console" library="BuiltIn">
<arg>${item}[id]</arg>
<doc>Logs the given message to the console.</doc>
<status status="PASS" starttime="20230626 11:09:01.350" endtime="20230626 11:09:01.351"/>
</kw>
<kw name="Log To Console" library="BuiltIn">
<arg>${item}[title]</arg>
<doc>Logs the given message to the console.</doc>
<status status="PASS" starttime="20230626 11:09:01.351" endtime="20230626 11:09:01.352"/>
</kw>
<status status="PASS" starttime="20230626 11:09:01.350" endtime="20230626 11:09:01.352"/>
</iter>
<iter>
<var name="${item}">{'userId': 1, 'id': 19, 'title': 'molestiae ipsa aut voluptatibus pariatur dolor nihil', 'completed': True}</var>
<kw name="Log To Console" library="BuiltIn">
<arg>${item}[id]</arg>
<doc>Logs the given message to the console.</doc>
<status status="PASS" starttime="20230626 11:09:01.352" endtime="20230626 11:09:01.354"/>
</kw>
<kw name="Log To Console" library="BuiltIn">
<arg>${item}[title]</arg>
<doc>Logs the given message to the console.</doc>
<status status="PASS" starttime="20230626 11:09:01.354" endtime="20230626 11:09:01.360"/>
</kw>
<status status="PASS" starttime="20230626 11:09:01.352" endtime="20230626 11:09:01.360"/>
</iter>
<iter>
<var name="${item}">{'userId': 1, 'id': 20, 'title': 'ullam nobis libero sapiente ad optio sint', 'completed': True}</var>
<kw name="Log To Console" library="BuiltIn">
<arg>${item}[id]</arg>
<doc>Logs the given message to the console.</doc>
<status status="PASS" starttime="20230626 11:09:01.361" endtime="20230626 11:09:01.377"/>
</kw>
<kw name="Log To Console" library="BuiltIn">
<arg>${item}[title]</arg>
<doc>Logs the given message to the console.</doc>
<status status="PASS" starttime="20230626 11:09:01.377" endtime="20230626 11:09:01.377"/>
</kw>
<status status="PASS" starttime="20230626 11:09:01.360" endtime="20230626 11:09:01.377"/>
</iter>
<iter>
<var name="${item}">{'userId': 2, 'id': 21, 'title': 'suscipit repellat esse quibusdam voluptatem incidunt', 'completed': False}</var>
<kw name="Log To Console" library="BuiltIn">
<arg>${item}[id]</arg>
<doc>Logs the given message to the console.</doc>
<status status="PASS" starttime="20230626 11:09:01.378" endtime="20230626 11:09:01.378"/>
</kw>
<kw name="Log To Console" library="BuiltIn">
<arg>${item}[title]</arg>
<doc>Logs the given message to the console.</doc>
<status status="PASS" starttime="20230626 11:09:01.378" endtime="20230626 11:09:01.379"/>
</kw>
<status status="PASS" starttime="20230626 11:09:01.378" endtime="20230626 11:09:01.379"/>
</iter>
<iter>
<var name="${item}">{'userId': 2, 'id': 22, 'title': 'distinctio vitae autem nihil ut molestias quo', 'completed': True}</var>
<kw name="Log To Console" library="BuiltIn">
<arg>${item}[id]</arg>
<doc>Logs the given message to the console.</doc>
<status status="PASS" starttime="20230626 11:09:01.379" endtime="20230626 11:09:01.380"/>
</kw>
<kw name="Log To Console" library="BuiltIn">
<arg>${item}[title]</arg>
<doc>Logs the given message to the console.</doc>
<status status="PASS" starttime="20230626 11:09:01.380" endtime="20230626 11:09:01.380"/>
</kw>
<status status="PASS" starttime="20230626 11:09:01.379" endtime="20230626 11:09:01.380"/>
</iter>
<iter>
<var name="${item}">{'userId': 2, 'id': 23, 'title': 'et itaque necessitatibus maxime molestiae qui quas velit', 'completed': False}</var>
<kw name="Log To Console" library="BuiltIn">
<arg>${item}[id]</arg>
<doc>Logs the given message to the console.</doc>
<status status="PASS" starttime="20230626 11:09:01.381" endtime="20230626 11:09:01.381"/>
</kw>
<kw name="Log To Console" library="BuiltIn">
<arg>${item}[title]</arg>
<doc>Logs the given message to the console.</doc>
<status status="PASS" starttime="20230626 11:09:01.381" endtime="20230626 11:09:01.382"/>
</kw>
<status status="PASS" starttime="20230626 11:09:01.381" endtime="20230626 11:09:01.382"/>
</iter>
<iter>
<var name="${item}">{'userId': 2, 'id': 24, 'title': 'adipisci non ad dicta qui amet quaerat doloribus ea', 'completed': False}</var>
<kw name="Log To Console" library="BuiltIn">
<arg>${item}[id]</arg>
<doc>Logs the given message to the console.</doc>
<status status="PASS" starttime="20230626 11:09:01.382" endtime="20230626 11:09:01.383"/>
</kw>
<kw name="Log To Console" library="BuiltIn">
<arg>${item}[title]</arg>
<doc>Logs the given message to the console.</doc>
<status status="PASS" starttime="20230626 11:09:01.383" endtime="20230626 11:09:01.383"/>
</kw>
<status status="PASS" starttime="20230626 11:09:01.382" endtime="20230626 11:09:01.383"/>
</iter>
<iter>
<var name="${item}">{'userId': 2, 'id': 25, 'title': 'voluptas quo tenetur perspiciatis explicabo natus', 'completed': True}</var>
<kw name="Log To Console" library="BuiltIn">
<arg>${item}[id]</arg>
<doc>Logs the given message to the console.</doc>
<status status="PASS" starttime="20230626 11:09:01.384" endtime="20230626 11:09:01.384"/>
</kw>
<kw name="Log To Console" library="BuiltIn">
<arg>${item}[title]</arg>
<doc>Logs the given message to the console.</doc>
<status status="PASS" starttime="20230626 11:09:01.384" endtime="20230626 11:09:01.393"/>
</kw>
<status status="PASS" starttime="20230626 11:09:01.383" endtime="20230626 11:09:01.393"/>
</iter>
<iter>
<var name="${item}">{'userId': 2, 'id': 26, 'title': 'aliquam aut quasi', 'completed': True}</var>
<kw name="Log To Console" library="BuiltIn">
<arg>${item}[id]</arg>
<doc>Logs the given message to the console.</doc>
<status status="PASS" starttime="20230626 11:09:01.393" endtime="20230626 11:09:01.395"/>
</kw>
<kw name="Log To Console" library="BuiltIn">
<arg>${item}[title]</arg>
<doc>Logs the given message to the console.</doc>
<status status="PASS" starttime="20230626 11:09:01.396" endtime="20230626 11:09:01.397"/>
</kw>
<status status="PASS" starttime="20230626 11:09:01.393" endtime="20230626 11:09:01.397"/>
</iter>
<iter>
<var name="${item}">{'userId': 2, 'id': 27, 'title': 'veritatis pariatur delectus', 'completed': True}</var>
<kw name="Log To Console" library="BuiltIn">
<arg>${item}[id]</arg>
<doc>Logs the given message to the console.</doc>
<status status="PASS" starttime="20230626 11:09:01.397" endtime="20230626 11:09:01.398"/>
</kw>
<kw name="Log To Console" library="BuiltIn">
<arg>${item}[title]</arg>
<doc>Logs the given message to the console.</doc>
<status status="PASS" starttime="20230626 11:09:01.398" endtime="20230626 11:09:01.399"/>
</kw>
<status status="PASS" starttime="20230626 11:09:01.397" endtime="20230626 11:09:01.399"/>
</iter>
<iter>
<var name="${item}">{'userId': 2, 'id': 28, 'title': 'nesciunt totam sit blanditiis sit', 'completed': False}</var>
<kw name="Log To Console" library="BuiltIn">
<arg>${item}[id]</arg>
<doc>Logs the given message to the console.</doc>
<status status="PASS" starttime="20230626 11:09:01.399" endtime="20230626 11:09:01.400"/>
</kw>
<kw name="Log To Console" library="BuiltIn">
<arg>${item}[title]</arg>
<doc>Logs the given message to the console.</doc>
<status status="PASS" starttime="20230626 11:09:01.400" endtime="20230626 11:09:01.400"/>
</kw>
<status status="PASS" starttime="20230626 11:09:01.399" endtime="20230626 11:09:01.400"/>
</iter>
<iter>
<var name="${item}">{'userId': 2, 'id': 29, 'title': 'laborum aut in quam', 'completed': False}</var>
<kw name="Log To Console" library="BuiltIn">
<arg>${item}[id]</arg>
<doc>Logs the given message to the console.</doc>
<status status="PASS" starttime="20230626 11:09:01.400" endtime="20230626 11:09:01.401"/>
</kw>
<kw name="Log To Console" library="BuiltIn">
<arg>${item}[title]</arg>
<doc>Logs the given message to the console.</doc>
<status status="PASS" starttime="20230626 11:09:01.401" endtime="20230626 11:09:01.402"/>
</kw>
<status status="PASS" starttime="20230626 11:09:01.400" endtime="20230626 11:09:01.402"/>
</iter>
<iter>
<var name="${item}">{'userId': 2, 'id': 30, 'title': 'nemo perspiciatis repellat ut dolor libero commodi blanditiis omnis', 'completed': True}</var>
<kw name="Log To Console" library="BuiltIn">
<arg>${item}[id]</arg>
<doc>Logs the given message to the console.</doc>
<status status="PASS" starttime="20230626 11:09:01.402" endtime="20230626 11:09:01.402"/>
</kw>
<kw name="Log To Console" library="BuiltIn">
<arg>${item}[title]</arg>
<doc>Logs the given message to the console.</doc>
<status status="PASS" starttime="20230626 11:09:01.402" endtime="20230626 11:09:01.403"/>
</kw>
<status status="PASS" starttime="20230626 11:09:01.402" endtime="20230626 11:09:01.403"/>
</iter>
<iter>
<var name="${item}">{'userId': 2, 'id': 31, 'title': 'repudiandae totam in est sint facere fuga', 'completed': False}</var>
<kw name="Log To Console" library="BuiltIn">
<arg>${item}[id]</arg>
<doc>Logs the given message to the console.</doc>
<status status="PASS" starttime="20230626 11:09:01.403" endtime="20230626 11:09:01.403"/>
</kw>
<kw name="Log To Console" library="BuiltIn">
<arg>${item}[title]</arg>
<doc>Logs the given message to the console.</doc>
<status status="PASS" starttime="20230626 11:09:01.404" endtime="20230626 11:09:01.404"/>
</kw>
<status status="PASS" starttime="20230626 11:09:01.403" endtime="20230626 11:09:01.404"/>
</iter>
<iter>
<var name="${item}">{'userId': 2, 'id': 32, 'title': 'earum doloribus ea doloremque quis', 'completed': False}</var>
<kw name="Log To Console" library="BuiltIn">
<arg>${item}[id]</arg>
<doc>Logs the given message to the console.</doc>
<status status="PASS" starttime="20230626 11:09:01.404" endtime="20230626 11:09:01.405"/>
</kw>
<kw name="Log To Console" library="BuiltIn">
<arg>${item}[title]</arg>
<doc>Logs the given message to the console.</doc>
<status status="PASS" starttime="20230626 11:09:01.405" endtime="20230626 11:09:01.405"/>
</kw>
<status status="PASS" starttime="20230626 11:09:01.404" endtime="20230626 11:09:01.405"/>
</iter>
<iter>
<var name="${item}">{'userId': 2, 'id': 33, 'title': 'sint sit aut vero', 'completed': False}</var>
<kw name="Log To Console" library="BuiltIn">
<arg>${item}[id]</arg>
<doc>Logs the given message to the console.</doc>
<status status="PASS" starttime="20230626 11:09:01.405" endtime="20230626 11:09:01.406"/>
</kw>
<kw name="Log To Console" library="BuiltIn">
<arg>${item}[title]</arg>
<doc>Logs the given message to the console.</doc>
<status status="PASS" starttime="20230626 11:09:01.406" endtime="20230626 11:09:01.406"/>
</kw>
<status status="PASS" starttime="20230626 11:09:01.405" endtime="20230626 11:09:01.406"/>
</iter>
<iter>
<var name="${item}">{'userId': 2, 'id': 34, 'title': 'porro aut necessitatibus eaque distinctio', 'completed': False}</var>
<kw name="Log To Console" library="BuiltIn">
<arg>${item}[id]</arg>
<doc>Logs the given message to the console.</doc>
<status status="PASS" starttime="20230626 11:09:01.406" endtime="20230626 11:09:01.407"/>
</kw>
<kw name="Log To Console" library="BuiltIn">
<arg>${item}[title]</arg>
<doc>Logs the given message to the console.</doc>
<status status="PASS" starttime="20230626 11:09:01.407" endtime="20230626 11:09:01.407"/>
</kw>
<status status="PASS" starttime="20230626 11:09:01.406" endtime="20230626 11:09:01.407"/>
</iter>
<iter>
<var name="${item}">{'userId': 2, 'id': 35, 'title': 'repellendus veritatis molestias dicta incidunt', 'completed': True}</var>
<kw name="Log To Console" library="BuiltIn">
<arg>${item}[id]</arg>
<doc>Logs the given message to the console.</doc>
<status status="PASS" starttime="20230626 11:09:01.407" endtime="20230626 11:09:01.408"/>
</kw>
<kw name="Log To Console" library="BuiltIn">
<arg>${item}[title]</arg>
<doc>Logs the given message to the console.</doc>
<status status="PASS" starttime="20230626 11:09:01.408" endtime="20230626 11:09:01.408"/>
</kw>
<status status="PASS" starttime="20230626 11:09:01.407" endtime="20230626 11:09:01.408"/>
</iter>
<iter>
<var name="${item}">{'userId': 2, 'id': 36, 'title': 'excepturi deleniti adipisci voluptatem et neque optio illum ad', 'completed': True}</var>
<kw name="Log To Console" library="BuiltIn">
<arg>${item}[id]</arg>
<doc>Logs the given message to the console.</doc>
<status status="PASS" starttime="20230626 11:09:01.409" endtime="20230626 11:09:01.409"/>
</kw>
<kw name="Log To Console" library="BuiltIn">
<arg>${item}[title]</arg>
<doc>Logs the given message to the console.</doc>
<status status="PASS" starttime="20230626 11:09:01.409" endtime="20230626 11:09:01.409"/>
</kw>
<status status="PASS" starttime="20230626 11:09:01.408" endtime="20230626 11:09:01.409"/>
</iter>
<iter>
<var name="${item}">{'userId': 2, 'id': 37, 'title': 'sunt cum tempora', 'completed': False}</var>
<kw name="Log To Console" library="BuiltIn">
<arg>${item}[id]</arg>
<doc>Logs the given message to the console.</doc>
<status status="PASS" starttime="20230626 11:09:01.410" endtime="20230626 11:09:01.410"/>
</kw>
<kw name="Log To Console" library="BuiltIn">
<arg>${item}[title]</arg>
<doc>Logs the given message to the console.</doc>
<status status="PASS" starttime="20230626 11:09:01.410" endtime="20230626 11:09:01.410"/>
</kw>
<status status="PASS" starttime="20230626 11:09:01.409" endtime="20230626 11:09:01.410"/>
</iter>
<iter>
<var name="${item}">{'userId': 2, 'id': 38, 'title': 'totam quia non', 'completed': False}</var>
<kw name="Log To Console" library="BuiltIn">
<arg>${item}[id]</arg>
<doc>Logs the given message to the console.</doc>
<status status="PASS" starttime="20230626 11:09:01.411" endtime="20230626 11:09:01.411"/>
</kw>
<kw name="Log To Console" library="BuiltIn">
<arg>${item}[title]</arg>
<doc>Logs the given message to the console.</doc>
<status status="PASS" starttime="20230626 11:09:01.411" endtime="20230626 11:09:01.411"/>
</kw>
<status status="PASS" starttime="20230626 11:09:01.410" endtime="20230626 11:09:01.411"/>
</iter>
<iter>
<var name="${item}">{'userId': 2, 'id': 39, 'title': 'doloremque quibusdam asperiores libero corrupti illum qui omnis', 'completed': False}</var>
<kw name="Log To Console" library="BuiltIn">
<arg>${item}[id]</arg>
<doc>Logs the given message to the console.</doc>
<status status="PASS" starttime="20230626 11:09:01.412" endtime="20230626 11:09:01.412"/>
</kw>
<kw name="Log To Console" library="BuiltIn">
<arg>${item}[title]</arg>
<doc>Logs the given message to the console.</doc>
<status status="PASS" starttime="20230626 11:09:01.412" endtime="20230626 11:09:01.412"/>
</kw>
<status status="PASS" starttime="20230626 11:09:01.411" endtime="20230626 11:09:01.413"/>
</iter>
<iter>
<var name="${item}">{'userId': 2, 'id': 40, 'title': 'totam atque quo nesciunt', 'completed': True}</var>
<kw name="Log To Console" library="BuiltIn">
<arg>${item}[id]</arg>
<doc>Logs the given message to the console.</doc>
<status status="PASS" starttime="20230626 11:09:01.413" endtime="20230626 11:09:01.413"/>
</kw>
<kw name="Log To Console" library="BuiltIn">
<arg>${item}[title]</arg>
<doc>Logs the given message to the console.</doc>
<status status="PASS" starttime="20230626 11:09:01.413" endtime="20230626 11:09:01.414"/>
</kw>
<status status="PASS" starttime="20230626 11:09:01.413" endtime="20230626 11:09:01.414"/>
</iter>
<iter>
<var name="${item}">{'userId': 3, 'id': 41, 'title': 'aliquid amet impedit consequatur aspernatur placeat eaque fugiat suscipit', 'completed': False}</var>
<kw name="Log To Console" library="BuiltIn">
<arg>${item}[id]</arg>
<doc>Logs the given message to the console.</doc>
<status status="PASS" starttime="20230626 11:09:01.414" endtime="20230626 11:09:01.414"/>
</kw>
<kw name="Log To Console" library="BuiltIn">
<arg>${item}[title]</arg>
<doc>Logs the given message to the console.</doc>
<status status="PASS" starttime="20230626 11:09:01.414" endtime="20230626 11:09:01.415"/>
</kw>
<status status="PASS" starttime="20230626 11:09:01.414" endtime="20230626 11:09:01.415"/>
</iter>
<iter>
<var name="${item}">{'userId': 3, 'id': 42, 'title': 'rerum perferendis error quia ut eveniet', 'completed': False}</var>
<kw name="Log To Console" library="BuiltIn">
<arg>${item}[id]</arg>
<doc>Logs the given message to the console.</doc>
<status status="PASS" starttime="20230626 11:09:01.415" endtime="20230626 11:09:01.415"/>
</kw>
<kw name="Log To Console" library="BuiltIn">
<arg>${item}[title]</arg>
<doc>Logs the given message to the console.</doc>
<status status="PASS" starttime="20230626 11:09:01.416" endtime="20230626 11:09:01.416"/>
</kw>
<status status="PASS" starttime="20230626 11:09:01.415" endtime="20230626 11:09:01.416"/>
</iter>
<iter>
<var name="${item}">{'userId': 3, 'id': 43, 'title': 'tempore ut sint quis recusandae', 'completed': True}</var>
<kw name="Log To Console" library="BuiltIn">
<arg>${item}[id]</arg>
<doc>Logs the given message to the console.</doc>
<status status="PASS" starttime="20230626 11:09:01.416" endtime="20230626 11:09:01.417"/>
</kw>
<kw name="Log To Console" library="BuiltIn">
<arg>${item}[title]</arg>
<doc>Logs the given message to the console.</doc>
<status status="PASS" starttime="20230626 11:09:01.417" endtime="20230626 11:09:01.417"/>
</kw>
<status status="PASS" starttime="20230626 11:09:01.416" endtime="20230626 11:09:01.417"/>
</iter>
<iter>
<var name="${item}">{'userId': 3, 'id': 44, 'title': 'cum debitis quis accusamus doloremque ipsa natus sapiente omnis', 'completed': True}</var>
<kw name="Log To Console" library="BuiltIn">
<arg>${item}[id]</arg>
<doc>Logs the given message to the console.</doc>
<status status="PASS" starttime="20230626 11:09:01.418" endtime="20230626 11:09:01.418"/>
</kw>
<kw name="Log To Console" library="BuiltIn">
<arg>${item}[title]</arg>
<doc>Logs the given message to the console.</doc>
<status status="PASS" starttime="20230626 11:09:01.418" endtime="20230626 11:09:01.419"/>
</kw>
<status status="PASS" starttime="20230626 11:09:01.417" endtime="20230626 11:09:01.419"/>
</iter>
<iter>
<var name="${item}">{'userId': 3, 'id': 45, 'title': 'velit soluta adipisci molestias reiciendis harum', 'completed': False}</var>
<kw name="Log To Console" library="BuiltIn">
<arg>${item}[id]</arg>
<doc>Logs the given message to the console.</doc>
<status status="PASS" starttime="20230626 11:09:01.419" endtime="20230626 11:09:01.419"/>
</kw>
<kw name="Log To Console" library="BuiltIn">
<arg>${item}[title]</arg>
<doc>Logs the given message to the console.</doc>
<status status="PASS" starttime="20230626 11:09:01.419" endtime="20230626 11:09:01.420"/>
</kw>
<status status="PASS" starttime="20230626 11:09:01.419" endtime="20230626 11:09:01.420"/>
</iter>
<iter>
<var name="${item}">{'userId': 3, 'id': 46, 'title': 'vel voluptatem repellat nihil placeat corporis', 'completed': False}</var>
<kw name="Log To Console" library="BuiltIn">
<arg>${item}[id]</arg>
<doc>Logs the given message to the console.</doc>
<status status="PASS" starttime="20230626 11:09:01.420" endtime="20230626 11:09:01.420"/>
</kw>
<kw name="Log To Console" library="BuiltIn">
<arg>${item}[title]</arg>
<doc>Logs the given message to the console.</doc>
<status status="PASS" starttime="20230626 11:09:01.420" endtime="20230626 11:09:01.421"/>
</kw>
<status status="PASS" starttime="20230626 11:09:01.420" endtime="20230626 11:09:01.421"/>
</iter>
<iter>
<var name="${item}">{'userId': 3, 'id': 47, 'title': 'nam qui rerum fugiat accusamus', 'completed': False}</var>
<kw name="Log To Console" library="BuiltIn">
<arg>${item}[id]</arg>
<doc>Logs the given message to the console.</doc>
<status status="PASS" starttime="20230626 11:09:01.421" endtime="20230626 11:09:01.421"/>
</kw>
<kw name="Log To Console" library="BuiltIn">
<arg>${item}[title]</arg>
<doc>Logs the given message to the console.</doc>
<status status="PASS" starttime="20230626 11:09:01.421" endtime="20230626 11:09:01.422"/>
</kw>
<status status="PASS" starttime="20230626 11:09:01.421" endtime="20230626 11:09:01.422"/>
</iter>
<iter>
<var name="${item}">{'userId': 3, 'id': 48, 'title': 'sit reprehenderit omnis quia', 'completed': False}</var>
<kw name="Log To Console" library="BuiltIn">
<arg>${item}[id]</arg>
<doc>Logs the given message to the console.</doc>
<status status="PASS" starttime="20230626 11:09:01.422" endtime="20230626 11:09:01.423"/>
</kw>
<kw name="Log To Console" library="BuiltIn">
<arg>${item}[title]</arg>
<doc>Logs the given message to the console.</doc>
<status status="PASS" starttime="20230626 11:09:01.423" endtime="20230626 11:09:01.423"/>
</kw>
<status status="PASS" starttime="20230626 11:09:01.422" endtime="20230626 11:09:01.423"/>
</iter>
<iter>
<var name="${item}">{'userId': 3, 'id': 49, 'title': 'ut necessitatibus aut maiores debitis officia blanditiis velit et', 'completed': False}</var>
<kw name="Log To Console" library="BuiltIn">
<arg>${item}[id]</arg>
<doc>Logs the given message to the console.</doc>
<status status="PASS" starttime="20230626 11:09:01.424" endtime="20230626 11:09:01.424"/>
</kw>
<kw name="Log To Console" library="BuiltIn">
<arg>${item}[title]</arg>
<doc>Logs the given message to the console.</doc>
<status status="PASS" starttime="20230626 11:09:01.424" endtime="20230626 11:09:01.425"/>
</kw>
<status status="PASS" starttime="20230626 11:09:01.423" endtime="20230626 11:09:01.425"/>
</iter>
<iter>
<var name="${item}">{'userId': 3, 'id': 50, 'title': 'cupiditate necessitatibus ullam aut quis dolor voluptate', 'completed': True}</var>
<kw name="Log To Console" library="BuiltIn">
<arg>${item}[id]</arg>
<doc>Logs the given message to the console.</doc>
<status status="PASS" starttime="20230626 11:09:01.425" endtime="20230626 11:09:01.425"/>
</kw>
<kw name="Log To Console" library="BuiltIn">
<arg>${item}[title]</arg>
<doc>Logs the given message to the console.</doc>
<status status="PASS" starttime="20230626 11:09:01.426" endtime="20230626 11:09:01.426"/>
</kw>
<status status="PASS" starttime="20230626 11:09:01.425" endtime="20230626 11:09:01.426"/>
</iter>
<iter>
<var name="${item}">{'userId': 3, 'id': 51, 'title': 'distinctio exercitationem ab doloribus', 'completed': False}</var>
<kw name="Log To Console" library="BuiltIn">
<arg>${item}[id]</arg>
<doc>Logs the given message to the console.</doc>
<status status="PASS" starttime="20230626 11:09:01.426" endtime="20230626 11:09:01.427"/>
</kw>
<kw name="Log To Console" library="BuiltIn">
<arg>${item}[title]</arg>
<doc>Logs the given message to the console.</doc>
<status status="PASS" starttime="20230626 11:09:01.427" endtime="20230626 11:09:01.427"/>
</kw>
<status status="PASS" starttime="20230626 11:09:01.426" endtime="20230626 11:09:01.427"/>
</iter>
<iter>
<var name="${item}">{'userId': 3, 'id': 52, 'title': 'nesciunt dolorum quis recusandae ad pariatur ratione', 'completed': False}</var>
<kw name="Log To Console" library="BuiltIn">
<arg>${item}[id]</arg>
<doc>Logs the given message to the console.</doc>
<status status="PASS" starttime="20230626 11:09:01.427" endtime="20230626 11:09:01.427"/>
</kw>
<kw name="Log To Console" library="BuiltIn">
<arg>${item}[title]</arg>
<doc>Logs the given message to the console.</doc>
<status status="PASS" starttime="20230626 11:09:01.428" endtime="20230626 11:09:01.428"/>
</kw>
<status status="PASS" starttime="20230626 11:09:01.427" endtime="20230626 11:09:01.428"/>
</iter>
<iter>
<var name="${item}">{'userId': 3, 'id': 53, 'title': 'qui labore est occaecati recusandae aliquid quam', 'completed': False}</var>
<kw name="Log To Console" library="BuiltIn">
<arg>${item}[id]</arg>
<doc>Logs the given message to the console.</doc>
<status status="PASS" starttime="20230626 11:09:01.428" endtime="20230626 11:09:01.429"/>
</kw>
<kw name="Log To Console" library="BuiltIn">
<arg>${item}[title]</arg>
<doc>Logs the given message to the console.</doc>
<status status="PASS" starttime="20230626 11:09:01.429" endtime="20230626 11:09:01.429"/>
</kw>
<status status="PASS" starttime="20230626 11:09:01.428" endtime="20230626 11:09:01.429"/>
</iter>
<iter>
<var name="${item}">{'userId': 3, 'id': 54, 'title': 'quis et est ut voluptate quam dolor', 'completed': True}</var>
<kw name="Log To Console" library="BuiltIn">
<arg>${item}[id]</arg>
<doc>Logs the given message to the console.</doc>
<status status="PASS" starttime="20230626 11:09:01.429" endtime="20230626 11:09:01.430"/>
</kw>
<kw name="Log To Console" library="BuiltIn">
<arg>${item}[title]</arg>
<doc>Logs the given message to the console.</doc>
<status status="PASS" starttime="20230626 11:09:01.430" endtime="20230626 11:09:01.430"/>
</kw>
<status status="PASS" starttime="20230626 11:09:01.429" endtime="20230626 11:09:01.430"/>
</iter>
<iter>
<var name="${item}">{'userId': 3, 'id': 55, 'title': 'voluptatum omnis minima qui occaecati provident nulla voluptatem ratione', 'completed': True}</var>
<kw name="Log To Console" library="BuiltIn">
<arg>${item}[id]</arg>
<doc>Logs the given message to the console.</doc>
<status status="PASS" starttime="20230626 11:09:01.430" endtime="20230626 11:09:01.430"/>
</kw>
<kw name="Log To Console" library="BuiltIn">
<arg>${item}[title]</arg>
<doc>Logs the given message to the console.</doc>
<status status="PASS" starttime="20230626 11:09:01.430" endtime="20230626 11:09:01.431"/>
</kw>
<status status="PASS" starttime="20230626 11:09:01.430" endtime="20230626 11:09:01.431"/>
</iter>
<iter>
<var name="${item}">{'userId': 3, 'id': 56, 'title': 'deleniti ea temporibus enim', 'completed': True}</var>
<kw name="Log To Console" library="BuiltIn">
<arg>${item}[id]</arg>
<doc>Logs the given message to the console.</doc>
<status status="PASS" starttime="20230626 11:09:01.431" endtime="20230626 11:09:01.431"/>
</kw>
<kw name="Log To Console" library="BuiltIn">
<arg>${item}[title]</arg>
<doc>Logs the given message to the console.</doc>
<status status="PASS" starttime="20230626 11:09:01.431" endtime="20230626 11:09:01.432"/>
</kw>
<status status="PASS" starttime="20230626 11:09:01.431" endtime="20230626 11:09:01.433"/>
</iter>
<iter>
<var name="${item}">{'userId': 3, 'id': 57, 'title': 'pariatur et magnam ea doloribus similique voluptatem rerum quia', 'completed': False}</var>
<kw name="Log To Console" library="BuiltIn">
<arg>${item}[id]</arg>
<doc>Logs the given message to the console.</doc>
<status status="PASS" starttime="20230626 11:09:01.433" endtime="20230626 11:09:01.433"/>
</kw>
<kw name="Log To Console" library="BuiltIn">
<arg>${item}[title]</arg>
<doc>Logs the given message to the console.</doc>
<status status="PASS" starttime="20230626 11:09:01.433" endtime="20230626 11:09:01.436"/>
</kw>
<status status="PASS" starttime="20230626 11:09:01.433" endtime="20230626 11:09:01.436"/>
</iter>
<iter>
<var name="${item}">{'userId': 3, 'id': 58, 'title': 'est dicta totam qui explicabo doloribus qui dignissimos', 'completed': False}</var>
<kw name="Log To Console" library="BuiltIn">
<arg>${item}[id]</arg>
<doc>Logs the given message to the console.</doc>
<status status="PASS" starttime="20230626 11:09:01.436" endtime="20230626 11:09:01.437"/>
</kw>
<kw name="Log To Console" library="BuiltIn">
<arg>${item}[title]</arg>
<doc>Logs the given message to the console.</doc>
<status status="PASS" starttime="20230626 11:09:01.437" endtime="20230626 11:09:01.437"/>
</kw>
<status status="PASS" starttime="20230626 11:09:01.436" endtime="20230626 11:09:01.437"/>
</iter>
<iter>
<var name="${item}">{'userId': 3, 'id': 59, 'title': 'perspiciatis velit id laborum placeat iusto et aliquam odio', 'completed': False}</var>
<kw name="Log To Console" library="BuiltIn">
<arg>${item}[id]</arg>
<doc>Logs the given message to the console.</doc>
<status status="PASS" starttime="20230626 11:09:01.437" endtime="20230626 11:09:01.438"/>
</kw>
<kw name="Log To Console" library="BuiltIn">
<arg>${item}[title]</arg>
<doc>Logs the given message to the console.</doc>
<status status="PASS" starttime="20230626 11:09:01.438" endtime="20230626 11:09:01.438"/>
</kw>
<status status="PASS" starttime="20230626 11:09:01.437" endtime="20230626 11:09:01.438"/>
</iter>
<iter>
<var name="${item}">{'userId': 3, 'id': 60, 'title': 'et sequi qui architecto ut adipisci', 'completed': True}</var>
<kw name="Log To Console" library="BuiltIn">
<arg>${item}[id]</arg>
<doc>Logs the given message to the console.</doc>
<status status="PASS" starttime="20230626 11:09:01.438" endtime="20230626 11:09:01.439"/>
</kw>
<kw name="Log To Console" library="BuiltIn">
<arg>${item}[title]</arg>
<doc>Logs the given message to the console.</doc>
<status status="PASS" starttime="20230626 11:09:01.439" endtime="20230626 11:09:01.439"/>
</kw>
<status status="PASS" starttime="20230626 11:09:01.438" endtime="20230626 11:09:01.439"/>
</iter>
<iter>
<var name="${item}">{'userId': 4, 'id': 61, 'title': 'odit optio omnis qui sunt', 'completed': True}</var>
<kw name="Log To Console" library="BuiltIn">
<arg>${item}[id]</arg>
<doc>Logs the given message to the console.</doc>
<status status="PASS" starttime="20230626 11:09:01.439" endtime="20230626 11:09:01.440"/>
</kw>
<kw name="Log To Console" library="BuiltIn">
<arg>${item}[title]</arg>
<doc>Logs the given message to the console.</doc>
<status status="PASS" starttime="20230626 11:09:01.440" endtime="20230626 11:09:01.440"/>
</kw>
<status status="PASS" starttime="20230626 11:09:01.439" endtime="20230626 11:09:01.440"/>
</iter>
<iter>
<var name="${item}">{'userId': 4, 'id': 62, 'title': 'et placeat et tempore aspernatur sint numquam', 'completed': False}</var>
<kw name="Log To Console" library="BuiltIn">
<arg>${item}[id]</arg>
<doc>Logs the given message to the console.</doc>
<status status="PASS" starttime="20230626 11:09:01.440" endtime="20230626 11:09:01.440"/>
</kw>
<kw name="Log To Console" library="BuiltIn">
<arg>${item}[title]</arg>
<doc>Logs the given message to the console.</doc>
<status status="PASS" starttime="20230626 11:09:01.441" endtime="20230626 11:09:01.441"/>
</kw>
<status status="PASS" starttime="20230626 11:09:01.440" endtime="20230626 11:09:01.441"/>
</iter>
<iter>
<var name="${item}">{'userId': 4, 'id': 63, 'title': 'doloremque aut dolores quidem fuga qui nulla', 'completed': True}</var>
<kw name="Log To Console" library="BuiltIn">
<arg>${item}[id]</arg>
<doc>Logs the given message to the console.</doc>
<status status="PASS" starttime="20230626 11:09:01.441" endtime="20230626 11:09:01.441"/>
</kw>
<kw name="Log To Console" library="BuiltIn">
<arg>${item}[title]</arg>
<doc>Logs the given message to the console.</doc>
<status status="PASS" starttime="20230626 11:09:01.441" endtime="20230626 11:09:01.442"/>
</kw>
<status status="PASS" starttime="20230626 11:09:01.441" endtime="20230626 11:09:01.442"/>
</iter>
<iter>
<var name="${item}">{'userId': 4, 'id': 64, 'title': 'voluptas consequatur qui ut quia magnam nemo esse', 'completed': False}</var>
<kw name="Log To Console" library="BuiltIn">
<arg>${item}[id]</arg>
<doc>Logs the given message to the console.</doc>
<status status="PASS" starttime="20230626 11:09:01.442" endtime="20230626 11:09:01.442"/>
</kw>
<kw name="Log To Console" library="BuiltIn">
<arg>${item}[title]</arg>
<doc>Logs the given message to the console.</doc>
<status status="PASS" starttime="20230626 11:09:01.442" endtime="20230626 11:09:01.442"/>
</kw>
<status status="PASS" starttime="20230626 11:09:01.442" endtime="20230626 11:09:01.442"/>
</iter>
<iter>
<var name="${item}">{'userId': 4, 'id': 65, 'title': 'fugiat pariatur ratione ut asperiores necessitatibus magni', 'completed': False}</var>
<kw name="Log To Console" library="BuiltIn">
<arg>${item}[id]</arg>
<doc>Logs the given message to the console.</doc>
<status status="PASS" starttime="20230626 11:09:01.442" endtime="20230626 11:09:01.443"/>
</kw>
<kw name="Log To Console" library="BuiltIn">
<arg>${item}[title]</arg>
<doc>Logs the given message to the console.</doc>
<status status="PASS" starttime="20230626 11:09:01.443" endtime="20230626 11:09:01.443"/>
</kw>
<status status="PASS" starttime="20230626 11:09:01.442" endtime="20230626 11:09:01.443"/>
</iter>
<iter>
<var name="${item}">{'userId': 4, 'id': 66, 'title': 'rerum eum molestias autem voluptatum sit optio', 'completed': False}</var>
<kw name="Log To Console" library="BuiltIn">
<arg>${item}[id]</arg>
<doc>Logs the given message to the console.</doc>
<status status="PASS" starttime="20230626 11:09:01.443" endtime="20230626 11:09:01.443"/>
</kw>
<kw name="Log To Console" library="BuiltIn">
<arg>${item}[title]</arg>
<doc>Logs the given message to the console.</doc>
<status status="PASS" starttime="20230626 11:09:01.444" endtime="20230626 11:09:01.444"/>
</kw>
<status status="PASS" starttime="20230626 11:09:01.443" endtime="20230626 11:09:01.444"/>
</iter>
<iter>
<var name="${item}">{'userId': 4, 'id': 67, 'title': 'quia voluptatibus voluptatem quos similique maiores repellat', 'completed': False}</var>
<kw name="Log To Console" library="BuiltIn">
<arg>${item}[id]</arg>
<doc>Logs the given message to the console.</doc>
<status status="PASS" starttime="20230626 11:09:01.444" endtime="20230626 11:09:01.444"/>
</kw>
<kw name="Log To Console" library="BuiltIn">
<arg>${item}[title]</arg>
<doc>Logs the given message to the console.</doc>
<status status="PASS" starttime="20230626 11:09:01.444" endtime="20230626 11:09:01.445"/>
</kw>
<status status="PASS" starttime="20230626 11:09:01.444" endtime="20230626 11:09:01.445"/>
</iter>
<iter>
<var name="${item}">{'userId': 4, 'id': 68, 'title': 'aut id perspiciatis voluptatem iusto', 'completed': False}</var>
<kw name="Log To Console" library="BuiltIn">
<arg>${item}[id]</arg>
<doc>Logs the given message to the console.</doc>
<status status="PASS" starttime="20230626 11:09:01.445" endtime="20230626 11:09:01.445"/>
</kw>
<kw name="Log To Console" library="BuiltIn">
<arg>${item}[title]</arg>
<doc>Logs the given message to the console.</doc>
<status status="PASS" starttime="20230626 11:09:01.445" endtime="20230626 11:09:01.445"/>
</kw>
<status status="PASS" starttime="20230626 11:09:01.445" endtime="20230626 11:09:01.445"/>
</iter>
<iter>
<var name="${item}">{'userId': 4, 'id': 69, 'title': 'doloribus sint dolorum ab adipisci itaque dignissimos aliquam suscipit', 'completed': False}</var>
<kw name="Log To Console" library="BuiltIn">
<arg>${item}[id]</arg>
<doc>Logs the given message to the console.</doc>
<status status="PASS" starttime="20230626 11:09:01.446" endtime="20230626 11:09:01.446"/>
</kw>
<kw name="Log To Console" library="BuiltIn">
<arg>${item}[title]</arg>
<doc>Logs the given message to the console.</doc>
<status status="PASS" starttime="20230626 11:09:01.446" endtime="20230626 11:09:01.446"/>
</kw>
<status status="PASS" starttime="20230626 11:09:01.445" endtime="20230626 11:09:01.446"/>
</iter>
<iter>
<var name="${item}">{'userId': 4, 'id': 70, 'title': 'ut sequi accusantium et mollitia delectus sunt', 'completed': False}</var>
<kw name="Log To Console" library="BuiltIn">
<arg>${item}[id]</arg>
<doc>Logs the given message to the console.</doc>
<status status="PASS" starttime="20230626 11:09:01.446" endtime="20230626 11:09:01.447"/>
</kw>
<kw name="Log To Console" library="BuiltIn">
<arg>${item}[title]</arg>
<doc>Logs the given message to the console.</doc>
<status status="PASS" starttime="20230626 11:09:01.447" endtime="20230626 11:09:01.447"/>
</kw>
<status status="PASS" starttime="20230626 11:09:01.446" endtime="20230626 11:09:01.447"/>
</iter>
<iter>
<var name="${item}">{'userId': 4, 'id': 71, 'title': 'aut velit saepe ullam', 'completed': False}</var>
<kw name="Log To Console" library="BuiltIn">
<arg>${item}[id]</arg>
<doc>Logs the given message to the console.</doc>
<status status="PASS" starttime="20230626 11:09:01.447" endtime="20230626 11:09:01.447"/>
</kw>
<kw name="Log To Console" library="BuiltIn">
<arg>${item}[title]</arg>
<doc>Logs the given message to the console.</doc>
<status status="PASS" starttime="20230626 11:09:01.447" endtime="20230626 11:09:01.448"/>
</kw>
<status status="PASS" starttime="20230626 11:09:01.447" endtime="20230626 11:09:01.448"/>
</iter>
<iter>
<var name="${item}">{'userId': 4, 'id': 72, 'title': 'praesentium facilis facere quis harum voluptatibus voluptatem eum', 'completed': False}</var>
<kw name="Log To Console" library="BuiltIn">
<arg>${item}[id]</arg>
<doc>Logs the given message to the console.</doc>
<status status="PASS" starttime="20230626 11:09:01.448" endtime="20230626 11:09:01.448"/>
</kw>
<kw name="Log To Console" library="BuiltIn">
<arg>${item}[title]</arg>
<doc>Logs the given message to the console.</doc>
<status status="PASS" starttime="20230626 11:09:01.448" endtime="20230626 11:09:01.448"/>
</kw>
<status status="PASS" starttime="20230626 11:09:01.448" endtime="20230626 11:09:01.448"/>
</iter>
<iter>
<var name="${item}">{'userId': 4, 'id': 73, 'title': 'sint amet quia totam corporis qui exercitationem commodi', 'completed': True}</var>
<kw name="Log To Console" library="BuiltIn">
<arg>${item}[id]</arg>
<doc>Logs the given message to the console.</doc>
<status status="PASS" starttime="20230626 11:09:01.449" endtime="20230626 11:09:01.449"/>
</kw>
<kw name="Log To Console" library="BuiltIn">
<arg>${item}[title]</arg>
<doc>Logs the given message to the console.</doc>
<status status="PASS" starttime="20230626 11:09:01.449" endtime="20230626 11:09:01.449"/>
</kw>
<status status="PASS" starttime="20230626 11:09:01.448" endtime="20230626 11:09:01.449"/>
</iter>
<iter>
<var name="${item}">{'userId': 4, 'id': 74, 'title': 'expedita tempore nobis eveniet laborum maiores', 'completed': False}</var>
<kw name="Log To Console" library="BuiltIn">
<arg>${item}[id]</arg>
<doc>Logs the given message to the console.</doc>
<status status="PASS" starttime="20230626 11:09:01.449" endtime="20230626 11:09:01.450"/>
</kw>
<kw name="Log To Console" library="BuiltIn">
<arg>${item}[title]</arg>
<doc>Logs the given message to the console.</doc>
<status status="PASS" starttime="20230626 11:09:01.450" endtime="20230626 11:09:01.450"/>
</kw>
<status status="PASS" starttime="20230626 11:09:01.449" endtime="20230626 11:09:01.450"/>
</iter>
<iter>
<var name="${item}">{'userId': 4, 'id': 75, 'title': 'occaecati adipisci est possimus totam', 'completed': False}</var>
<kw name="Log To Console" library="BuiltIn">
<arg>${item}[id]</arg>
<doc>Logs the given message to the console.</doc>
<status status="PASS" starttime="20230626 11:09:01.450" endtime="20230626 11:09:01.450"/>
</kw>
<kw name="Log To Console" library="BuiltIn">
<arg>${item}[title]</arg>
<doc>Logs the given message to the console.</doc>
<status status="PASS" starttime="20230626 11:09:01.450" endtime="20230626 11:09:01.451"/>
</kw>
<status status="PASS" starttime="20230626 11:09:01.450" endtime="20230626 11:09:01.451"/>
</iter>
<iter>
<var name="${item}">{'userId': 4, 'id': 76, 'title': 'sequi dolorem sed', 'completed': True}</var>
<kw name="Log To Console" library="BuiltIn">
<arg>${item}[id]</arg>
<doc>Logs the given message to the console.</doc>
<status status="PASS" starttime="20230626 11:09:01.451" endtime="20230626 11:09:01.451"/>
</kw>
<kw name="Log To Console" library="BuiltIn">
<arg>${item}[title]</arg>
<doc>Logs the given message to the console.</doc>
<status status="PASS" starttime="20230626 11:09:01.451" endtime="20230626 11:09:01.451"/>
</kw>
<status status="PASS" starttime="20230626 11:09:01.451" endtime="20230626 11:09:01.452"/>
</iter>
<iter>
<var name="${item}">{'userId': 4, 'id': 77, 'title': 'maiores aut nesciunt delectus exercitationem vel assumenda eligendi at', 'completed': False}</var>
<kw name="Log To Console" library="BuiltIn">
<arg>${item}[id]</arg>
<doc>Logs the given message to the console.</doc>
<status status="PASS" starttime="20230626 11:09:01.452" endtime="20230626 11:09:01.452"/>
</kw>
<kw name="Log To Console" library="BuiltIn">
<arg>${item}[title]</arg>
<doc>Logs the given message to the console.</doc>
<status status="PASS" starttime="20230626 11:09:01.453" endtime="20230626 11:09:01.453"/>
</kw>
<status status="PASS" starttime="20230626 11:09:01.452" endtime="20230626 11:09:01.453"/>
</iter>
<iter>
<var name="${item}">{'userId': 4, 'id': 78, 'title': 'reiciendis est magnam amet nemo iste recusandae impedit quaerat', 'completed': False}</var>
<kw name="Log To Console" library="BuiltIn">
<arg>${item}[id]</arg>
<doc>Logs the given message to the console.</doc>
<status status="PASS" starttime="20230626 11:09:01.453" endtime="20230626 11:09:01.454"/>
</kw>
<kw name="Log To Console" library="BuiltIn">
<arg>${item}[title]</arg>
<doc>Logs the given message to the console.</doc>
<status status="PASS" starttime="20230626 11:09:01.454" endtime="20230626 11:09:01.454"/>
</kw>
<status status="PASS" starttime="20230626 11:09:01.453" endtime="20230626 11:09:01.454"/>
</iter>
<iter>
<var name="${item}">{'userId': 4, 'id': 79, 'title': 'eum ipsa maxime ut', 'completed': True}</var>
<kw name="Log To Console" library="BuiltIn">
<arg>${item}[id]</arg>
<doc>Logs the given message to the console.</doc>
<status status="PASS" starttime="20230626 11:09:01.454" endtime="20230626 11:09:01.455"/>
</kw>
<kw name="Log To Console" library="BuiltIn">
<arg>${item}[title]</arg>
<doc>Logs the given message to the console.</doc>
<status status="PASS" starttime="20230626 11:09:01.455" endtime="20230626 11:09:01.455"/>
</kw>
<status status="PASS" starttime="20230626 11:09:01.454" endtime="20230626 11:09:01.455"/>
</iter>
<iter>
<var name="${item}">{'userId': 4, 'id': 80, 'title': 'tempore molestias dolores rerum sequi voluptates ipsum consequatur', 'completed': True}</var>
<kw name="Log To Console" library="BuiltIn">
<arg>${item}[id]</arg>
<doc>Logs the given message to the console.</doc>
<status status="PASS" starttime="20230626 11:09:01.455" endtime="20230626 11:09:01.456"/>
</kw>
<kw name="Log To Console" library="BuiltIn">
<arg>${item}[title]</arg>
<doc>Logs the given message to the console.</doc>
<status status="PASS" starttime="20230626 11:09:01.456" endtime="20230626 11:09:01.456"/>
</kw>
<status status="PASS" starttime="20230626 11:09:01.455" endtime="20230626 11:09:01.456"/>
</iter>
<iter>
<var name="${item}">{'userId': 5, 'id': 81, 'title': 'suscipit qui totam', 'completed': True}</var>
<kw name="Log To Console" library="BuiltIn">
<arg>${item}[id]</arg>
<doc>Logs the given message to the console.</doc>
<status status="PASS" starttime="20230626 11:09:01.456" endtime="20230626 11:09:01.457"/>
</kw>
<kw name="Log To Console" library="BuiltIn">
<arg>${item}[title]</arg>
<doc>Logs the given message to the console.</doc>
<status status="PASS" starttime="20230626 11:09:01.457" endtime="20230626 11:09:01.457"/>
</kw>
<status status="PASS" starttime="20230626 11:09:01.456" endtime="20230626 11:09:01.457"/>
</iter>
<iter>
<var name="${item}">{'userId': 5, 'id': 82, 'title': 'voluptates eum voluptas et dicta', 'completed': False}</var>
<kw name="Log To Console" library="BuiltIn">
<arg>${item}[id]</arg>
<doc>Logs the given message to the console.</doc>
<status status="PASS" starttime="20230626 11:09:01.457" endtime="20230626 11:09:01.457"/>
</kw>
<kw name="Log To Console" library="BuiltIn">
<arg>${item}[title]</arg>
<doc>Logs the given message to the console.</doc>
<status status="PASS" starttime="20230626 11:09:01.458" endtime="20230626 11:09:01.458"/>
</kw>
<status status="PASS" starttime="20230626 11:09:01.457" endtime="20230626 11:09:01.458"/>
</iter>
<iter>
<var name="${item}">{'userId': 5, 'id': 83, 'title': 'quidem at rerum quis ex aut sit quam', 'completed': True}</var>
<kw name="Log To Console" library="BuiltIn">
<arg>${item}[id]</arg>
<doc>Logs the given message to the console.</doc>
<status status="PASS" starttime="20230626 11:09:01.458" endtime="20230626 11:09:01.458"/>
</kw>
<kw name="Log To Console" library="BuiltIn">
<arg>${item}[title]</arg>
<doc>Logs the given message to the console.</doc>
<status status="PASS" starttime="20230626 11:09:01.458" endtime="20230626 11:09:01.459"/>
</kw>
<status status="PASS" starttime="20230626 11:09:01.458" endtime="20230626 11:09:01.459"/>
</iter>
<iter>
<var name="${item}">{'userId': 5, 'id': 84, 'title': 'sunt veritatis ut voluptate', 'completed': False}</var>
<kw name="Log To Console" library="BuiltIn">
<arg>${item}[id]</arg>
<doc>Logs the given message to the console.</doc>
<status status="PASS" starttime="20230626 11:09:01.459" endtime="20230626 11:09:01.459"/>
</kw>
<kw name="Log To Console" library="BuiltIn">
<arg>${item}[title]</arg>
<doc>Logs the given message to the console.</doc>
<status status="PASS" starttime="20230626 11:09:01.459" endtime="20230626 11:09:01.459"/>
</kw>
<status status="PASS" starttime="20230626 11:09:01.459" endtime="20230626 11:09:01.459"/>
</iter>
<iter>
<var name="${item}">{'userId': 5, 'id': 85, 'title': 'et quia ad iste a', 'completed': True}</var>
<kw name="Log To Console" library="BuiltIn">
<arg>${item}[id]</arg>
<doc>Logs the given message to the console.</doc>
<status status="PASS" starttime="20230626 11:09:01.460" endtime="20230626 11:09:01.460"/>
</kw>
<kw name="Log To Console" library="BuiltIn">
<arg>${item}[title]</arg>
<doc>Logs the given message to the console.</doc>
<status status="PASS" starttime="20230626 11:09:01.460" endtime="20230626 11:09:01.460"/>
</kw>
<status status="PASS" starttime="20230626 11:09:01.459" endtime="20230626 11:09:01.460"/>
</iter>
<iter>
<var name="${item}">{'userId': 5, 'id': 86, 'title': 'incidunt ut saepe autem', 'completed': True}</var>
<kw name="Log To Console" library="BuiltIn">
<arg>${item}[id]</arg>
<doc>Logs the given message to the console.</doc>
<status status="PASS" starttime="20230626 11:09:01.461" endtime="20230626 11:09:01.461"/>
</kw>
<kw name="Log To Console" library="BuiltIn">
<arg>${item}[title]</arg>
<doc>Logs the given message to the console.</doc>
<status status="PASS" starttime="20230626 11:09:01.461" endtime="20230626 11:09:01.461"/>
</kw>
<status status="PASS" starttime="20230626 11:09:01.460" endtime="20230626 11:09:01.461"/>
</iter>
<iter>
<var name="${item}">{'userId': 5, 'id': 87, 'title': 'laudantium quae eligendi consequatur quia et vero autem', 'completed': True}</var>
<kw name="Log To Console" library="BuiltIn">
<arg>${item}[id]</arg>
<doc>Logs the given message to the console.</doc>
<status status="PASS" starttime="20230626 11:09:01.461" endtime="20230626 11:09:01.462"/>
</kw>
<kw name="Log To Console" library="BuiltIn">
<arg>${item}[title]</arg>
<doc>Logs the given message to the console.</doc>
<status status="PASS" starttime="20230626 11:09:01.462" endtime="20230626 11:09:01.462"/>
</kw>
<status status="PASS" starttime="20230626 11:09:01.461" endtime="20230626 11:09:01.462"/>
</iter>
<iter>
<var name="${item}">{'userId': 5, 'id': 88, 'title': 'vitae aut excepturi laboriosam sint aliquam et et accusantium', 'completed': False}</var>
<kw name="Log To Console" library="BuiltIn">
<arg>${item}[id]</arg>
<doc>Logs the given message to the console.</doc>
<status status="PASS" starttime="20230626 11:09:01.462" endtime="20230626 11:09:01.462"/>
</kw>
<kw name="Log To Console" library="BuiltIn">
<arg>${item}[title]</arg>
<doc>Logs the given message to the console.</doc>
<status status="PASS" starttime="20230626 11:09:01.463" endtime="20230626 11:09:01.463"/>
</kw>
<status status="PASS" starttime="20230626 11:09:01.462" endtime="20230626 11:09:01.463"/>
</iter>
<iter>
<var name="${item}">{'userId': 5, 'id': 89, 'title': 'sequi ut omnis et', 'completed': True}</var>
<kw name="Log To Console" library="BuiltIn">
<arg>${item}[id]</arg>
<doc>Logs the given message to the console.</doc>
<status status="PASS" starttime="20230626 11:09:01.463" endtime="20230626 11:09:01.463"/>
</kw>
<kw name="Log To Console" library="BuiltIn">
<arg>${item}[title]</arg>
<doc>Logs the given message to the console.</doc>
<status status="PASS" starttime="20230626 11:09:01.463" endtime="20230626 11:09:01.464"/>
</kw>
<status status="PASS" starttime="20230626 11:09:01.463" endtime="20230626 11:09:01.464"/>
</iter>
<iter>
<var name="${item}">{'userId': 5, 'id': 90, 'title': 'molestiae nisi accusantium tenetur dolorem et', 'completed': True}</var>
<kw name="Log To Console" library="BuiltIn">
<arg>${item}[id]</arg>
<doc>Logs the given message to the console.</doc>
<status status="PASS" starttime="20230626 11:09:01.464" endtime="20230626 11:09:01.464"/>
</kw>
<kw name="Log To Console" library="BuiltIn">
<arg>${item}[title]</arg>
<doc>Logs the given message to the console.</doc>
<status status="PASS" starttime="20230626 11:09:01.464" endtime="20230626 11:09:01.464"/>
</kw>
<status status="PASS" starttime="20230626 11:09:01.464" endtime="20230626 11:09:01.464"/>
</iter>
<iter>
<var name="${item}">{'userId': 5, 'id': 91, 'title': 'nulla quis consequatur saepe qui id expedita', 'completed': True}</var>
<kw name="Log To Console" library="BuiltIn">
<arg>${item}[id]</arg>
<doc>Logs the given message to the console.</doc>
<status status="PASS" starttime="20230626 11:09:01.465" endtime="20230626 11:09:01.465"/>
</kw>
<kw name="Log To Console" library="BuiltIn">
<arg>${item}[title]</arg>
<doc>Logs the given message to the console.</doc>
<status status="PASS" starttime="20230626 11:09:01.465" endtime="20230626 11:09:01.465"/>
</kw>
<status status="PASS" starttime="20230626 11:09:01.464" endtime="20230626 11:09:01.465"/>
</iter>
<iter>
<var name="${item}">{'userId': 5, 'id': 92, 'title': 'in omnis laboriosam', 'completed': True}</var>
<kw name="Log To Console" library="BuiltIn">
<arg>${item}[id]</arg>
<doc>Logs the given message to the console.</doc>
<status status="PASS" starttime="20230626 11:09:01.465" endtime="20230626 11:09:01.466"/>
</kw>
<kw name="Log To Console" library="BuiltIn">
<arg>${item}[title]</arg>
<doc>Logs the given message to the console.</doc>
<status status="PASS" starttime="20230626 11:09:01.466" endtime="20230626 11:09:01.466"/>
</kw>
<status status="PASS" starttime="20230626 11:09:01.465" endtime="20230626 11:09:01.466"/>
</iter>
<iter>
<var name="${item}">{'userId': 5, 'id': 93, 'title': 'odio iure consequatur molestiae quibusdam necessitatibus quia sint', 'completed': True}</var>
<kw name="Log To Console" library="BuiltIn">
<arg>${item}[id]</arg>
<doc>Logs the given message to the console.</doc>
<status status="PASS" starttime="20230626 11:09:01.466" endtime="20230626 11:09:01.466"/>
</kw>
<kw name="Log To Console" library="BuiltIn">
<arg>${item}[title]</arg>
<doc>Logs the given message to the console.</doc>
<status status="PASS" starttime="20230626 11:09:01.467" endtime="20230626 11:09:01.467"/>
</kw>
<status status="PASS" starttime="20230626 11:09:01.466" endtime="20230626 11:09:01.467"/>
</iter>
<iter>
<var name="${item}">{'userId': 5, 'id': 94, 'title': 'facilis modi saepe mollitia', 'completed': False}</var>
<kw name="Log To Console" library="BuiltIn">
<arg>${item}[id]</arg>
<doc>Logs the given message to the console.</doc>
<status status="PASS" starttime="20230626 11:09:01.467" endtime="20230626 11:09:01.467"/>
</kw>
<kw name="Log To Console" library="BuiltIn">
<arg>${item}[title]</arg>
<doc>Logs the given message to the console.</doc>
<status status="PASS" starttime="20230626 11:09:01.467" endtime="20230626 11:09:01.468"/>
</kw>
<status status="PASS" starttime="20230626 11:09:01.467" endtime="20230626 11:09:01.468"/>
</iter>
<iter>
<var name="${item}">{'userId': 5, 'id': 95, 'title': 'vel nihil et molestiae iusto assumenda nemo quo ut', 'completed': True}</var>
<kw name="Log To Console" library="BuiltIn">
<arg>${item}[id]</arg>
<doc>Logs the given message to the console.</doc>
<status status="PASS" starttime="20230626 11:09:01.468" endtime="20230626 11:09:01.468"/>
</kw>
<kw name="Log To Console" library="BuiltIn">
<arg>${item}[title]</arg>
<doc>Logs the given message to the console.</doc>
<status status="PASS" starttime="20230626 11:09:01.468" endtime="20230626 11:09:01.469"/>
</kw>
<status status="PASS" starttime="20230626 11:09:01.468" endtime="20230626 11:09:01.469"/>
</iter>
<iter>
<var name="${item}">{'userId': 5, 'id': 96, 'title': 'nobis suscipit ducimus enim asperiores voluptas', 'completed': False}</var>
<kw name="Log To Console" library="BuiltIn">
<arg>${item}[id]</arg>
<doc>Logs the given message to the console.</doc>
<status status="PASS" starttime="20230626 11:09:01.469" endtime="20230626 11:09:01.470"/>
</kw>
<kw name="Log To Console" library="BuiltIn">
<arg>${item}[title]</arg>
<doc>Logs the given message to the console.</doc>
<status status="PASS" starttime="20230626 11:09:01.470" endtime="20230626 11:09:01.470"/>
</kw>
<status status="PASS" starttime="20230626 11:09:01.469" endtime="20230626 11:09:01.470"/>
</iter>
<iter>
<var name="${item}">{'userId': 5, 'id': 97, 'title': 'dolorum laboriosam eos qui iure aliquam', 'completed': False}</var>
<kw name="Log To Console" library="BuiltIn">
<arg>${item}[id]</arg>
<doc>Logs the given message to the console.</doc>
<status status="PASS" starttime="20230626 11:09:01.470" endtime="20230626 11:09:01.470"/>
</kw>
<kw name="Log To Console" library="BuiltIn">
<arg>${item}[title]</arg>
<doc>Logs the given message to the console.</doc>
<status status="PASS" starttime="20230626 11:09:01.471" endtime="20230626 11:09:01.471"/>
</kw>
<status status="PASS" starttime="20230626 11:09:01.470" endtime="20230626 11:09:01.471"/>
</iter>
<iter>
<var name="${item}">{'userId': 5, 'id': 98, 'title': 'debitis accusantium ut quo facilis nihil quis sapiente necessitatibus', 'completed': True}</var>
<kw name="Log To Console" library="BuiltIn">
<arg>${item}[id]</arg>
<doc>Logs the given message to the console.</doc>
<status status="PASS" starttime="20230626 11:09:01.471" endtime="20230626 11:09:01.471"/>
</kw>
<kw name="Log To Console" library="BuiltIn">
<arg>${item}[title]</arg>
<doc>Logs the given message to the console.</doc>
<status status="PASS" starttime="20230626 11:09:01.471" endtime="20230626 11:09:01.472"/>
</kw>
<status status="PASS" starttime="20230626 11:09:01.471" endtime="20230626 11:09:01.472"/>
</iter>
<iter>
<var name="${item}">{'userId': 5, 'id': 99, 'title': 'neque voluptates ratione', 'completed': False}</var>
<kw name="Log To Console" library="BuiltIn">
<arg>${item}[id]</arg>
<doc>Logs the given message to the console.</doc>
<status status="PASS" starttime="20230626 11:09:01.472" endtime="20230626 11:09:01.472"/>
</kw>
[...]
</iter>
<iter>
<var name="${item}">{'userId': 9, 'id': 172, 'title': 'et provident amet rerum consectetur et voluptatum', 'completed': False}</var>
<kw name="Log To Console" library="BuiltIn">
<arg>${item}[id]</arg>
<doc>Logs the given message to the console.</doc>
<status status="PASS" starttime="20230626 11:09:01.539" endtime="20230626 11:09:01.540"/>
</kw>
<kw name="Log To Console" library="BuiltIn">
<arg>${item}[title]</arg>
<doc>Logs the given message to the console.</doc>
<status status="PASS" starttime="20230626 11:09:01.540" endtime="20230626 11:09:01.540"/>
</kw>
<status status="PASS" starttime="20230626 11:09:01.539" endtime="20230626 11:09:01.540"/>
</iter>
<iter>
<var name="${item}">{'userId': 9, 'id': 173, 'title': 'harum ad aperiam quis', 'completed': False}</var>
<kw name="Log To Console" library="BuiltIn">
<arg>${item}[id]</arg>
<doc>Logs the given message to the console.</doc>
<status status="PASS" starttime="20230626 11:09:01.540" endtime="20230626 11:09:01.540"/>
</kw>
<kw name="Log To Console" library="BuiltIn">
<arg>${item}[title]</arg>
<doc>Logs the given message to the console.</doc>
<status status="PASS" starttime="20230626 11:09:01.540" endtime="20230626 11:09:01.541"/>
</kw>
<status status="PASS" starttime="20230626 11:09:01.540" endtime="20230626 11:09:01.541"/>
</iter>
<iter>
<var name="${item}">{'userId': 9, 'id': 174, 'title': 'similique aut quo', 'completed': False}</var>
<kw name="Log To Console" library="BuiltIn">
<arg>${item}[id]</arg>
<doc>Logs the given message to the console.</doc>
<status status="PASS" starttime="20230626 11:09:01.541" endtime="20230626 11:09:01.541"/>
</kw>
<kw name="Log To Console" library="BuiltIn">
<arg>${item}[title]</arg>
<doc>Logs the given message to the console.</doc>
<status status="PASS" starttime="20230626 11:09:01.541" endtime="20230626 11:09:01.542"/>
</kw>
<status status="PASS" starttime="20230626 11:09:01.541" endtime="20230626 11:09:01.542"/>
</iter>
<iter>
<var name="${item}">{'userId': 9, 'id': 175, 'title': 'laudantium eius officia perferendis provident perspiciatis asperiores', 'completed': True}</var>
<kw name="Log To Console" library="BuiltIn">
<arg>${item}[id]</arg>
<doc>Logs the given message to the console.</doc>
<status status="PASS" starttime="20230626 11:09:01.542" endtime="20230626 11:09:01.542"/>
</kw>
<kw name="Log To Console" library="BuiltIn">
<arg>${item}[title]</arg>
<doc>Logs the given message to the console.</doc>
<status status="PASS" starttime="20230626 11:09:01.542" endtime="20230626 11:09:01.543"/>
</kw>
<status status="PASS" starttime="20230626 11:09:01.542" endtime="20230626 11:09:01.543"/>
</iter>
<iter>
<var name="${item}">{'userId': 9, 'id': 176, 'title': 'magni soluta corrupti ut maiores rem quidem', 'completed': False}</var>
<kw name="Log To Console" library="BuiltIn">
<arg>${item}[id]</arg>
<doc>Logs the given message to the console.</doc>
<status status="PASS" starttime="20230626 11:09:01.543" endtime="20230626 11:09:01.543"/>
</kw>
<kw name="Log To Console" library="BuiltIn">
<arg>${item}[title]</arg>
<doc>Logs the given message to the console.</doc>
<status status="PASS" starttime="20230626 11:09:01.543" endtime="20230626 11:09:01.543"/>
</kw>
<status status="PASS" starttime="20230626 11:09:01.543" endtime="20230626 11:09:01.543"/>
</iter>
<iter>
<var name="${item}">{'userId': 9, 'id': 177, 'title': 'et placeat temporibus voluptas est tempora quos quibusdam', 'completed': False}</var>
<kw name="Log To Console" library="BuiltIn">
<arg>${item}[id]</arg>
<doc>Logs the given message to the console.</doc>
<status status="PASS" starttime="20230626 11:09:01.544" endtime="20230626 11:09:01.544"/>
</kw>
<kw name="Log To Console" library="BuiltIn">
<arg>${item}[title]</arg>
<doc>Logs the given message to the console.</doc>
<status status="PASS" starttime="20230626 11:09:01.544" endtime="20230626 11:09:01.544"/>
</kw>
<status status="PASS" starttime="20230626 11:09:01.544" endtime="20230626 11:09:01.544"/>
</iter>
<iter>
<var name="${item}">{'userId': 9, 'id': 178, 'title': 'nesciunt itaque commodi tempore', 'completed': True}</var>
<kw name="Log To Console" library="BuiltIn">
<arg>${item}[id]</arg>
<doc>Logs the given message to the console.</doc>
<status status="PASS" starttime="20230626 11:09:01.544" endtime="20230626 11:09:01.545"/>
</kw>
<kw name="Log To Console" library="BuiltIn">
<arg>${item}[title]</arg>
<doc>Logs the given message to the console.</doc>
<status status="PASS" starttime="20230626 11:09:01.545" endtime="20230626 11:09:01.545"/>
</kw>
<status status="PASS" starttime="20230626 11:09:01.544" endtime="20230626 11:09:01.545"/>
</iter>
<iter>
<var name="${item}">{'userId': 9, 'id': 179, 'title': 'omnis consequuntur cupiditate impedit itaque ipsam quo', 'completed': True}</var>
<kw name="Log To Console" library="BuiltIn">
<arg>${item}[id]</arg>
<doc>Logs the given message to the console.</doc>
<status status="PASS" starttime="20230626 11:09:01.545" endtime="20230626 11:09:01.546"/>
</kw>
<kw name="Log To Console" library="BuiltIn">
<arg>${item}[title]</arg>
<doc>Logs the given message to the console.</doc>
<status status="PASS" starttime="20230626 11:09:01.546" endtime="20230626 11:09:01.546"/>
</kw>
<status status="PASS" starttime="20230626 11:09:01.545" endtime="20230626 11:09:01.546"/>
</iter>
<iter>
<var name="${item}">{'userId': 9, 'id': 180, 'title': 'debitis nisi et dolorem repellat et', 'completed': True}</var>
<kw name="Log To Console" library="BuiltIn">
<arg>${item}[id]</arg>
<doc>Logs the given message to the console.</doc>
<status status="PASS" starttime="20230626 11:09:01.546" endtime="20230626 11:09:01.546"/>
</kw>
<kw name="Log To Console" library="BuiltIn">
<arg>${item}[title]</arg>
<doc>Logs the given message to the console.</doc>
<status status="PASS" starttime="20230626 11:09:01.546" endtime="20230626 11:09:01.547"/>
</kw>
<status status="PASS" starttime="20230626 11:09:01.546" endtime="20230626 11:09:01.547"/>
</iter>
<iter>
<var name="${item}">{'userId': 10, 'id': 181, 'title': 'ut cupiditate sequi aliquam fuga maiores', 'completed': False}</var>
<kw name="Log To Console" library="BuiltIn">
<arg>${item}[id]</arg>
<doc>Logs the given message to the console.</doc>
<status status="PASS" starttime="20230626 11:09:01.547" endtime="20230626 11:09:01.547"/>
</kw>
<kw name="Log To Console" library="BuiltIn">
<arg>${item}[title]</arg>
<doc>Logs the given message to the console.</doc>
<status status="PASS" starttime="20230626 11:09:01.547" endtime="20230626 11:09:01.548"/>
</kw>
<status status="PASS" starttime="20230626 11:09:01.547" endtime="20230626 11:09:01.548"/>
</iter>
<iter>
<var name="${item}">{'userId': 10, 'id': 182, 'title': 'inventore saepe cumque et aut illum enim', 'completed': True}</var>
<kw name="Log To Console" library="BuiltIn">
<arg>${item}[id]</arg>
<doc>Logs the given message to the console.</doc>
<status status="PASS" starttime="20230626 11:09:01.548" endtime="20230626 11:09:01.548"/>
</kw>
<kw name="Log To Console" library="BuiltIn">
<arg>${item}[title]</arg>
<doc>Logs the given message to the console.</doc>
<status status="PASS" starttime="20230626 11:09:01.548" endtime="20230626 11:09:01.549"/>
</kw>
<status status="PASS" starttime="20230626 11:09:01.548" endtime="20230626 11:09:01.549"/>
</iter>
<iter>
<var name="${item}">{'userId': 10, 'id': 183, 'title': 'omnis nulla eum aliquam distinctio', 'completed': True}</var>
<kw name="Log To Console" library="BuiltIn">
<arg>${item}[id]</arg>
<doc>Logs the given message to the console.</doc>
<status status="PASS" starttime="20230626 11:09:01.549" endtime="20230626 11:09:01.549"/>
</kw>
<kw name="Log To Console" library="BuiltIn">
<arg>${item}[title]</arg>
<doc>Logs the given message to the console.</doc>
<status status="PASS" starttime="20230626 11:09:01.549" endtime="20230626 11:09:01.549"/>
</kw>
<status status="PASS" starttime="20230626 11:09:01.549" endtime="20230626 11:09:01.549"/>
</iter>
<iter>
<var name="${item}">{'userId': 10, 'id': 184, 'title': 'molestias modi perferendis perspiciatis', 'completed': False}</var>
<kw name="Log To Console" library="BuiltIn">
<arg>${item}[id]</arg>
<doc>Logs the given message to the console.</doc>
<status status="PASS" starttime="20230626 11:09:01.550" endtime="20230626 11:09:01.550"/>
</kw>
<kw name="Log To Console" library="BuiltIn">
<arg>${item}[title]</arg>
<doc>Logs the given message to the console.</doc>
<status status="PASS" starttime="20230626 11:09:01.550" endtime="20230626 11:09:01.551"/>
</kw>
<status status="PASS" starttime="20230626 11:09:01.550" endtime="20230626 11:09:01.551"/>
</iter>
<iter>
<var name="${item}">{'userId': 10, 'id': 185, 'title': 'voluptates dignissimos sed doloribus animi quaerat aut', 'completed': False}</var>
<kw name="Log To Console" library="BuiltIn">
<arg>${item}[id]</arg>
<doc>Logs the given message to the console.</doc>
<status status="PASS" starttime="20230626 11:09:01.551" endtime="20230626 11:09:01.552"/>
</kw>
<kw name="Log To Console" library="BuiltIn">
<arg>${item}[title]</arg>
<doc>Logs the given message to the console.</doc>
<status status="PASS" starttime="20230626 11:09:01.552" endtime="20230626 11:09:01.552"/>
</kw>
<status status="PASS" starttime="20230626 11:09:01.551" endtime="20230626 11:09:01.552"/>
</iter>
<iter>
<var name="${item}">{'userId': 10, 'id': 186, 'title': 'explicabo odio est et', 'completed': False}</var>
<kw name="Log To Console" library="BuiltIn">
<arg>${item}[id]</arg>
<doc>Logs the given message to the console.</doc>
<status status="PASS" starttime="20230626 11:09:01.553" endtime="20230626 11:09:01.553"/>
</kw>
<kw name="Log To Console" library="BuiltIn">
<arg>${item}[title]</arg>
<doc>Logs the given message to the console.</doc>
<status status="PASS" starttime="20230626 11:09:01.553" endtime="20230626 11:09:01.554"/>
</kw>
<status status="PASS" starttime="20230626 11:09:01.552" endtime="20230626 11:09:01.554"/>
</iter>
<iter>
<var name="${item}">{'userId': 10, 'id': 187, 'title': 'consequuntur animi possimus', 'completed': False}</var>
<kw name="Log To Console" library="BuiltIn">
<arg>${item}[id]</arg>
<doc>Logs the given message to the console.</doc>
<status status="PASS" starttime="20230626 11:09:01.554" endtime="20230626 11:09:01.554"/>
</kw>
<kw name="Log To Console" library="BuiltIn">
<arg>${item}[title]</arg>
<doc>Logs the given message to the console.</doc>
<status status="PASS" starttime="20230626 11:09:01.554" endtime="20230626 11:09:01.555"/>
</kw>
<status status="PASS" starttime="20230626 11:09:01.554" endtime="20230626 11:09:01.555"/>
</iter>
<iter>
<var name="${item}">{'userId': 10, 'id': 188, 'title': 'vel non beatae est', 'completed': True}</var>
<kw name="Log To Console" library="BuiltIn">
<arg>${item}[id]</arg>
<doc>Logs the given message to the console.</doc>
<status status="PASS" starttime="20230626 11:09:01.555" endtime="20230626 11:09:01.556"/>
</kw>
<kw name="Log To Console" library="BuiltIn">
<arg>${item}[title]</arg>
<doc>Logs the given message to the console.</doc>
<status status="PASS" starttime="20230626 11:09:01.556" endtime="20230626 11:09:01.556"/>
</kw>
<status status="PASS" starttime="20230626 11:09:01.555" endtime="20230626 11:09:01.556"/>
</iter>
<iter>
<var name="${item}">{'userId': 10, 'id': 189, 'title': 'culpa eius et voluptatem et', 'completed': True}</var>
<kw name="Log To Console" library="BuiltIn">
<arg>${item}[id]</arg>
<doc>Logs the given message to the console.</doc>
<status status="PASS" starttime="20230626 11:09:01.556" endtime="20230626 11:09:01.557"/>
</kw>
<kw name="Log To Console" library="BuiltIn">
<arg>${item}[title]</arg>
<doc>Logs the given message to the console.</doc>
<status status="PASS" starttime="20230626 11:09:01.557" endtime="20230626 11:09:01.557"/>
</kw>
<status status="PASS" starttime="20230626 11:09:01.556" endtime="20230626 11:09:01.557"/>
</iter>
<iter>
<var name="${item}">{'userId': 10, 'id': 190, 'title': 'accusamus sint iusto et voluptatem exercitationem', 'completed': True}</var>
<kw name="Log To Console" library="BuiltIn">
<arg>${item}[id]</arg>
<doc>Logs the given message to the console.</doc>
<status status="PASS" starttime="20230626 11:09:01.557" endtime="20230626 11:09:01.558"/>
</kw>
<kw name="Log To Console" library="BuiltIn">
<arg>${item}[title]</arg>
<doc>Logs the given message to the console.</doc>
<status status="PASS" starttime="20230626 11:09:01.558" endtime="20230626 11:09:01.558"/>
</kw>
<status status="PASS" starttime="20230626 11:09:01.557" endtime="20230626 11:09:01.558"/>
</iter>
<iter>
<var name="${item}">{'userId': 10, 'id': 191, 'title': 'temporibus atque distinctio omnis eius impedit tempore molestias pariatur', 'completed': True}</var>
<kw name="Log To Console" library="BuiltIn">
<arg>${item}[id]</arg>
<doc>Logs the given message to the console.</doc>
<status status="PASS" starttime="20230626 11:09:01.558" endtime="20230626 11:09:01.559"/>
</kw>
<kw name="Log To Console" library="BuiltIn">
<arg>${item}[title]</arg>
<doc>Logs the given message to the console.</doc>
<status status="PASS" starttime="20230626 11:09:01.559" endtime="20230626 11:09:01.559"/>
</kw>
<status status="PASS" starttime="20230626 11:09:01.558" endtime="20230626 11:09:01.559"/>
</iter>
<iter>
<var name="${item}">{'userId': 10, 'id': 192, 'title': 'ut quas possimus exercitationem sint voluptates', 'completed': False}</var>
<kw name="Log To Console" library="BuiltIn">
<arg>${item}[id]</arg>
<doc>Logs the given message to the console.</doc>
<status status="PASS" starttime="20230626 11:09:01.560" endtime="20230626 11:09:01.560"/>
</kw>
<kw name="Log To Console" library="BuiltIn">
<arg>${item}[title]</arg>
<doc>Logs the given message to the console.</doc>
<status status="PASS" starttime="20230626 11:09:01.560" endtime="20230626 11:09:01.560"/>
</kw>
<status status="PASS" starttime="20230626 11:09:01.559" endtime="20230626 11:09:01.560"/>
</iter>
<iter>
<var name="${item}">{'userId': 10, 'id': 193, 'title': 'rerum debitis voluptatem qui eveniet tempora distinctio a', 'completed': True}</var>
<kw name="Log To Console" library="BuiltIn">
<arg>${item}[id]</arg>
<doc>Logs the given message to the console.</doc>
<status status="PASS" starttime="20230626 11:09:01.561" endtime="20230626 11:09:01.561"/>
</kw>
<kw name="Log To Console" library="BuiltIn">
<arg>${item}[title]</arg>
<doc>Logs the given message to the console.</doc>
<status status="PASS" starttime="20230626 11:09:01.561" endtime="20230626 11:09:01.561"/>
</kw>
<status status="PASS" starttime="20230626 11:09:01.560" endtime="20230626 11:09:01.561"/>
</iter>
<iter>
<var name="${item}">{'userId': 10, 'id': 194, 'title': 'sed ut vero sit molestiae', 'completed': False}</var>
<kw name="Log To Console" library="BuiltIn">
<arg>${item}[id]</arg>
<doc>Logs the given message to the console.</doc>
<status status="PASS" starttime="20230626 11:09:01.562" endtime="20230626 11:09:01.562"/>
</kw>
<kw name="Log To Console" library="BuiltIn">
<arg>${item}[title]</arg>
<doc>Logs the given message to the console.</doc>
<status status="PASS" starttime="20230626 11:09:01.562" endtime="20230626 11:09:01.562"/>
</kw>
<status status="PASS" starttime="20230626 11:09:01.561" endtime="20230626 11:09:01.562"/>
</iter>
<iter>
<var name="${item}">{'userId': 10, 'id': 195, 'title': 'rerum ex veniam mollitia voluptatibus pariatur', 'completed': True}</var>
<kw name="Log To Console" library="BuiltIn">
<arg>${item}[id]</arg>
<doc>Logs the given message to the console.</doc>
<status status="PASS" starttime="20230626 11:09:01.563" endtime="20230626 11:09:01.563"/>
</kw>
<kw name="Log To Console" library="BuiltIn">
<arg>${item}[title]</arg>
<doc>Logs the given message to the console.</doc>
<status status="PASS" starttime="20230626 11:09:01.563" endtime="20230626 11:09:01.563"/>
</kw>
<status status="PASS" starttime="20230626 11:09:01.562" endtime="20230626 11:09:01.563"/>
</iter>
<iter>
<var name="${item}">{'userId': 10, 'id': 196, 'title': 'consequuntur aut ut fugit similique', 'completed': True}</var>
<kw name="Log To Console" library="BuiltIn">
<arg>${item}[id]</arg>
<doc>Logs the given message to the console.</doc>
<status status="PASS" starttime="20230626 11:09:01.563" endtime="20230626 11:09:01.564"/>
</kw>
<kw name="Log To Console" library="BuiltIn">
<arg>${item}[title]</arg>
<doc>Logs the given message to the console.</doc>
<status status="PASS" starttime="20230626 11:09:01.564" endtime="20230626 11:09:01.564"/>
</kw>
<status status="PASS" starttime="20230626 11:09:01.563" endtime="20230626 11:09:01.564"/>
</iter>
<iter>
<var name="${item}">{'userId': 10, 'id': 197, 'title': 'dignissimos quo nobis earum saepe', 'completed': True}</var>
<kw name="Log To Console" library="BuiltIn">
<arg>${item}[id]</arg>
<doc>Logs the given message to the console.</doc>
<status status="PASS" starttime="20230626 11:09:01.564" endtime="20230626 11:09:01.565"/>
</kw>
<kw name="Log To Console" library="BuiltIn">
<arg>${item}[title]</arg>
<doc>Logs the given message to the console.</doc>
<status status="PASS" starttime="20230626 11:09:01.565" endtime="20230626 11:09:01.565"/>
</kw>
<status status="PASS" starttime="20230626 11:09:01.564" endtime="20230626 11:09:01.565"/>
</iter>
<iter>
<var name="${item}">{'userId': 10, 'id': 198, 'title': 'quis eius est sint explicabo', 'completed': True}</var>
<kw name="Log To Console" library="BuiltIn">
<arg>${item}[id]</arg>
<doc>Logs the given message to the console.</doc>
<status status="PASS" starttime="20230626 11:09:01.565" endtime="20230626 11:09:01.565"/>
</kw>
<kw name="Log To Console" library="BuiltIn">
<arg>${item}[title]</arg>
<doc>Logs the given message to the console.</doc>
<status status="PASS" starttime="20230626 11:09:01.565" endtime="20230626 11:09:01.566"/>
</kw>
<status status="PASS" starttime="20230626 11:09:01.565" endtime="20230626 11:09:01.566"/>
</iter>
<iter>
<var name="${item}">{'userId': 10, 'id': 199, 'title': 'numquam repellendus a magnam', 'completed': True}</var>
<kw name="Log To Console" library="BuiltIn">
<arg>${item}[id]</arg>
<doc>Logs the given message to the console.</doc>
<status status="PASS" starttime="20230626 11:09:01.566" endtime="20230626 11:09:01.566"/>
</kw>
<kw name="Log To Console" library="BuiltIn">
<arg>${item}[title]</arg>
<doc>Logs the given message to the console.</doc>
<status status="PASS" starttime="20230626 11:09:01.566" endtime="20230626 11:09:01.567"/>
</kw>
<status status="PASS" starttime="20230626 11:09:01.566" endtime="20230626 11:09:01.567"/>
</iter>
<iter>
<var name="${item}">{'userId': 10, 'id': 200, 'title': 'ipsam aperiam voluptates qui', 'completed': False}</var>
<kw name="Log To Console" library="BuiltIn">
<arg>${item}[id]</arg>
<doc>Logs the given message to the console.</doc>
<status status="PASS" starttime="20230626 11:09:01.567" endtime="20230626 11:09:01.567"/>
</kw>
<kw name="Log To Console" library="BuiltIn">
<arg>${item}[title]</arg>
<doc>Logs the given message to the console.</doc>
<status status="PASS" starttime="20230626 11:09:01.567" endtime="20230626 11:09:01.567"/>
</kw>
<status status="PASS" starttime="20230626 11:09:01.567" endtime="20230626 11:09:01.568"/>
</iter>
<status status="PASS" starttime="20230626 11:09:01.326" endtime="20230626 11:09:01.568"/>
</for>
<status status="PASS" starttime="20230626 11:09:01.261" endtime="20230626 11:09:01.568"/>
</kw>
<tag>API Request</tag>
<status status="PASS" starttime="20230626 11:09:01.260" endtime="20230626 11:09:01.568"/>
</test>
<status status="PASS" starttime="20230626 11:09:00.987" endtime="20230626 11:09:01.569"/>
</suite>
<statistics>
<total>
<stat pass="1" fail="0" skip="0">All Tests</stat>
</total>
<tag>
<stat pass="1" fail="0" skip="0">API Request</stat>
</tag>
<suite>
<stat pass="1" fail="0" skip="0" id="s1" name="Api-Request-Test">Api-Request-Test</stat>
</suite>
</statistics>
<errors>
<msg timestamp="20230626 11:09:01.257" level="WARN">Imported resource file 'C:\Users\ITAMOJT-009\Desktop\API\locators\api-testing-locators.robot' is empty.</msg>
</errors>
</robot>
